This file contains any messages produced by compilers while
running configure, to aid debugging if configure makes a mistake.

It was created by libTrie configure 0.1, which was
generated by GNU Autoconf 2.68.  Invocation command line was

<<<<<<< HEAD
  $ ./configure --disable-option-checking --prefix=/usr --build=x86_64-linux-gnu --includedir=${prefix}/include --mandir=${prefix}/share/man --infodir=${prefix}/share/info --sysconfdir=/etc --localstatedir=/var --libexecdir=${prefix}/lib/squid3 --disable-maintainer-mode --disable-dependency-tracking --disable-silent-rules --datadir=/usr/share/squid3 --sysconfdir=/etc/squid3 --mandir=/usr/share/man --enable-inline --enable-async-io=8 --enable-storeio=ufs,aufs,diskd,rock --enable-removal-policies=lru,heap --enable-delay-pools --enable-cache-digests --enable-underscores --enable-icap-client --enable-follow-x-forwarded-for --enable-auth-basic=DB,fake,getpwnam,LDAP,MSNT,MSNT-multi-domain,NCSA,NIS,PAM,POP3,RADIUS,SASL,SMB --enable-auth-digest=file,LDAP --enable-auth-negotiate=kerberos,wrapper --enable-auth-ntlm=fake,smb_lm --enable-external-acl-helpers=file_userip,kerberos_ldap_group,LDAP_group,session,SQL_session,unix_group,wbinfo_group --enable-url-rewrite-helpers=fake --enable-eui --enable-esi --enable-icmp --enable-zph-qos --enable-ecap --enable-ssl --enable-ssl-crtd --disable-translation --with-swapdir=/var/spool/squid3 --with-logdir=/var/log/squid3 --with-pidfile=/var/run/squid3.pid --with-filedescriptors=65536 --with-large-files --with-default-user=proxy --enable-linux-netfilter build_alias=x86_64-linux-gnu CFLAGS=-g -O2 -fPIE -fstack-protector --param=ssp-buffer-size=4 -Wformat -Werror=format-security -Wall LDFLAGS=-Wl,-Bsymbolic-functions -fPIE -pie -Wl,-z,relro -Wl,-z,now CPPFLAGS=-D_FORTIFY_SOURCE=2 CXXFLAGS=-g -O2 -fPIE -fstack-protector --param=ssp-buffer-size=4 -Wformat -Werror=format-security --cache-file=/dev/null --srcdir=.
=======
  $ ./configure --disable-option-checking --prefix=/usr --build=i686-linux-gnu --includedir=${prefix}/include --mandir=${prefix}/share/man --infodir=${prefix}/share/info --sysconfdir=/etc --localstatedir=/var --libexecdir=${prefix}/lib/squid3 --disable-maintainer-mode --disable-dependency-tracking --disable-silent-rules --datadir=/usr/share/squid3 --sysconfdir=/etc/squid3 --mandir=/usr/share/man --enable-inline --enable-async-io=8 --enable-storeio=ufs,aufs,diskd,rock --enable-removal-policies=lru,heap --enable-delay-pools --enable-cache-digests --enable-underscores --enable-icap-client --enable-follow-x-forwarded-for --enable-auth-basic=DB,fake,getpwnam,LDAP,MSNT,MSNT-multi-domain,NCSA,NIS,PAM,POP3,RADIUS,SASL,SMB --enable-auth-digest=file,LDAP --enable-auth-negotiate=kerberos,wrapper --enable-auth-ntlm=fake,smb_lm --enable-external-acl-helpers=file_userip,kerberos_ldap_group,LDAP_group,session,SQL_session,unix_group,wbinfo_group --enable-url-rewrite-helpers=fake --enable-eui --enable-esi --enable-icmp --enable-zph-qos --enable-ecap --enable-ssl --enable-ssl-crtd --disable-translation --with-swapdir=/var/spool/squid3 --with-logdir=/var/log/squid3 --with-pidfile=/var/run/squid3.pid --with-filedescriptors=65536 --with-large-files --with-default-user=proxy --enable-linux-netfilter build_alias=i686-linux-gnu CFLAGS=-g -O2 -fPIE -fstack-protector --param=ssp-buffer-size=4 -Wformat -Werror=format-security -Wall LDFLAGS=-Wl,-Bsymbolic-functions -fPIE -pie -Wl,-z,relro -Wl,-z,now CPPFLAGS=-D_FORTIFY_SOURCE=2 CXXFLAGS=-g -O2 -fPIE -fstack-protector --param=ssp-buffer-size=4 -Wformat -Werror=format-security --cache-file=/dev/null --srcdir=.
>>>>>>> 2fa62aafebf51d26a356f76671af17f85fb9da6c

## --------- ##
## Platform. ##
## --------- ##

<<<<<<< HEAD
hostname = ubuntu
uname -m = x86_64
uname -r = 3.13.0-24-generic
uname -s = Linux
uname -v = #47-Ubuntu SMP Fri May 2 23:30:00 UTC 2014
=======
hostname = mesh-26
uname -m = i686
uname -r = 3.11.0-23-generic
uname -s = Linux
uname -v = #40-Ubuntu SMP Wed Jun 4 21:05:24 UTC 2014
>>>>>>> 2fa62aafebf51d26a356f76671af17f85fb9da6c

/usr/bin/uname -p = unknown
/bin/uname -X     = unknown

/bin/arch              = unknown
/usr/bin/arch -k       = unknown
/usr/convex/getsysinfo = unknown
/usr/bin/hostinfo      = unknown
/bin/machine           = unknown
/usr/bin/oslevel       = unknown
/bin/universe          = unknown

PATH: /usr/local/sbin
PATH: /usr/local/bin
PATH: /usr/sbin
PATH: /usr/bin
PATH: /sbin
PATH: /bin


## ----------- ##
## Core tests. ##
## ----------- ##

configure:2588: checking for g++
configure:2604: found /usr/bin/g++
configure:2615: result: g++
configure:2642: checking for C++ compiler version
configure:2651: g++ --version >&5
<<<<<<< HEAD
g++ (Ubuntu 4.8.2-19ubuntu1) 4.8.2
=======
g++ (Ubuntu/Linaro 4.8.1-10ubuntu9) 4.8.1
>>>>>>> 2fa62aafebf51d26a356f76671af17f85fb9da6c
Copyright (C) 2013 Free Software Foundation, Inc.
This is free software; see the source for copying conditions.  There is NO
warranty; not even for MERCHANTABILITY or FITNESS FOR A PARTICULAR PURPOSE.

configure:2662: $? = 0
configure:2651: g++ -v >&5
Using built-in specs.
COLLECT_GCC=g++
<<<<<<< HEAD
COLLECT_LTO_WRAPPER=/usr/lib/gcc/x86_64-linux-gnu/4.8/lto-wrapper
Target: x86_64-linux-gnu
Configured with: ../src/configure -v --with-pkgversion='Ubuntu 4.8.2-19ubuntu1' --with-bugurl=file:///usr/share/doc/gcc-4.8/README.Bugs --enable-languages=c,c++,java,go,d,fortran,objc,obj-c++ --prefix=/usr --program-suffix=-4.8 --enable-shared --enable-linker-build-id --libexecdir=/usr/lib --without-included-gettext --enable-threads=posix --with-gxx-include-dir=/usr/include/c++/4.8 --libdir=/usr/lib --enable-nls --with-sysroot=/ --enable-clocale=gnu --enable-libstdcxx-debug --enable-libstdcxx-time=yes --enable-gnu-unique-object --disable-libmudflap --enable-plugin --with-system-zlib --disable-browser-plugin --enable-java-awt=gtk --enable-gtk-cairo --with-java-home=/usr/lib/jvm/java-1.5.0-gcj-4.8-amd64/jre --enable-java-home --with-jvm-root-dir=/usr/lib/jvm/java-1.5.0-gcj-4.8-amd64 --with-jvm-jar-dir=/usr/lib/jvm-exports/java-1.5.0-gcj-4.8-amd64 --with-arch-directory=amd64 --with-ecj-jar=/usr/share/java/eclipse-ecj.jar --enable-objc-gc --enable-multiarch --disable-werror --with-arch-32=i686 --with-abi=m64 --with-multilib-list=m32,m64,mx32 --with-tune=generic --enable-checking=release --build=x86_64-linux-gnu --host=x86_64-linux-gnu --target=x86_64-linux-gnu
Thread model: posix
gcc version 4.8.2 (Ubuntu 4.8.2-19ubuntu1) 
=======
COLLECT_LTO_WRAPPER=/usr/lib/gcc/i686-linux-gnu/4.8/lto-wrapper
Target: i686-linux-gnu
Configured with: ../src/configure -v --with-pkgversion='Ubuntu/Linaro 4.8.1-10ubuntu9' --with-bugurl=file:///usr/share/doc/gcc-4.8/README.Bugs --enable-languages=c,c++,java,go,d,fortran,objc,obj-c++ --prefix=/usr --program-suffix=-4.8 --enable-shared --enable-linker-build-id --libexecdir=/usr/lib --without-included-gettext --enable-threads=posix --with-gxx-include-dir=/usr/include/c++/4.8 --libdir=/usr/lib --enable-nls --with-sysroot=/ --enable-clocale=gnu --enable-libstdcxx-debug --enable-libstdcxx-time=yes --enable-gnu-unique-object --enable-plugin --with-system-zlib --disable-browser-plugin --enable-java-awt=gtk --enable-gtk-cairo --with-java-home=/usr/lib/jvm/java-1.5.0-gcj-4.8-i386/jre --enable-java-home --with-jvm-root-dir=/usr/lib/jvm/java-1.5.0-gcj-4.8-i386 --with-jvm-jar-dir=/usr/lib/jvm-exports/java-1.5.0-gcj-4.8-i386 --with-arch-directory=i386 --with-ecj-jar=/usr/share/java/eclipse-ecj.jar --enable-objc-gc --enable-targets=all --enable-multiarch --disable-werror --with-arch-32=i686 --with-multilib-list=m32,m64,mx32 --with-tune=generic --enable-checking=release --build=i686-linux-gnu --host=i686-linux-gnu --target=i686-linux-gnu
Thread model: posix
gcc version 4.8.1 (Ubuntu/Linaro 4.8.1-10ubuntu9) 
>>>>>>> 2fa62aafebf51d26a356f76671af17f85fb9da6c
configure:2662: $? = 0
configure:2651: g++ -V >&5
g++: error: unrecognized command line option '-V'
g++: fatal error: no input files
compilation terminated.
configure:2662: $? = 4
configure:2651: g++ -qversion >&5
g++: error: unrecognized command line option '-qversion'
g++: fatal error: no input files
compilation terminated.
configure:2662: $? = 4
configure:2682: checking whether the C++ compiler works
configure:2704: g++ -g -O2 -fPIE -fstack-protector --param=ssp-buffer-size=4 -Wformat -Werror=format-security -D_FORTIFY_SOURCE=2 -Wl,-Bsymbolic-functions -fPIE -pie -Wl,-z,relro -Wl,-z,now conftest.cpp  >&5
configure:2708: $? = 0
configure:2756: result: yes
configure:2759: checking for C++ compiler default output file name
configure:2761: result: a.out
configure:2767: checking for suffix of executables
configure:2774: g++ -o conftest -g -O2 -fPIE -fstack-protector --param=ssp-buffer-size=4 -Wformat -Werror=format-security -D_FORTIFY_SOURCE=2 -Wl,-Bsymbolic-functions -fPIE -pie -Wl,-z,relro -Wl,-z,now conftest.cpp  >&5
configure:2778: $? = 0
configure:2800: result: 
configure:2822: checking whether we are cross compiling
configure:2830: g++ -o conftest -g -O2 -fPIE -fstack-protector --param=ssp-buffer-size=4 -Wformat -Werror=format-security -D_FORTIFY_SOURCE=2 -Wl,-Bsymbolic-functions -fPIE -pie -Wl,-z,relro -Wl,-z,now conftest.cpp  >&5
configure:2834: $? = 0
configure:2841: ./conftest
configure:2845: $? = 0
configure:2860: result: no
configure:2865: checking for suffix of object files
configure:2887: g++ -c -g -O2 -fPIE -fstack-protector --param=ssp-buffer-size=4 -Wformat -Werror=format-security -D_FORTIFY_SOURCE=2 conftest.cpp >&5
configure:2891: $? = 0
configure:2912: result: o
configure:2916: checking whether we are using the GNU C++ compiler
configure:2935: g++ -c -g -O2 -fPIE -fstack-protector --param=ssp-buffer-size=4 -Wformat -Werror=format-security -D_FORTIFY_SOURCE=2 conftest.cpp >&5
configure:2935: $? = 0
configure:2944: result: yes
configure:2953: checking whether g++ accepts -g
configure:2973: g++ -c -g -D_FORTIFY_SOURCE=2 conftest.cpp >&5
configure:2973: $? = 0
configure:3014: result: yes
configure:3085: checking for gcc
configure:3101: found /usr/bin/gcc
configure:3112: result: gcc
configure:3341: checking for C compiler version
configure:3350: gcc --version >&5
<<<<<<< HEAD
gcc (Ubuntu 4.8.2-19ubuntu1) 4.8.2
=======
gcc (Ubuntu/Linaro 4.8.1-10ubuntu9) 4.8.1
>>>>>>> 2fa62aafebf51d26a356f76671af17f85fb9da6c
Copyright (C) 2013 Free Software Foundation, Inc.
This is free software; see the source for copying conditions.  There is NO
warranty; not even for MERCHANTABILITY or FITNESS FOR A PARTICULAR PURPOSE.

configure:3361: $? = 0
configure:3350: gcc -v >&5
Using built-in specs.
COLLECT_GCC=gcc
<<<<<<< HEAD
COLLECT_LTO_WRAPPER=/usr/lib/gcc/x86_64-linux-gnu/4.8/lto-wrapper
Target: x86_64-linux-gnu
Configured with: ../src/configure -v --with-pkgversion='Ubuntu 4.8.2-19ubuntu1' --with-bugurl=file:///usr/share/doc/gcc-4.8/README.Bugs --enable-languages=c,c++,java,go,d,fortran,objc,obj-c++ --prefix=/usr --program-suffix=-4.8 --enable-shared --enable-linker-build-id --libexecdir=/usr/lib --without-included-gettext --enable-threads=posix --with-gxx-include-dir=/usr/include/c++/4.8 --libdir=/usr/lib --enable-nls --with-sysroot=/ --enable-clocale=gnu --enable-libstdcxx-debug --enable-libstdcxx-time=yes --enable-gnu-unique-object --disable-libmudflap --enable-plugin --with-system-zlib --disable-browser-plugin --enable-java-awt=gtk --enable-gtk-cairo --with-java-home=/usr/lib/jvm/java-1.5.0-gcj-4.8-amd64/jre --enable-java-home --with-jvm-root-dir=/usr/lib/jvm/java-1.5.0-gcj-4.8-amd64 --with-jvm-jar-dir=/usr/lib/jvm-exports/java-1.5.0-gcj-4.8-amd64 --with-arch-directory=amd64 --with-ecj-jar=/usr/share/java/eclipse-ecj.jar --enable-objc-gc --enable-multiarch --disable-werror --with-arch-32=i686 --with-abi=m64 --with-multilib-list=m32,m64,mx32 --with-tune=generic --enable-checking=release --build=x86_64-linux-gnu --host=x86_64-linux-gnu --target=x86_64-linux-gnu
Thread model: posix
gcc version 4.8.2 (Ubuntu 4.8.2-19ubuntu1) 
=======
COLLECT_LTO_WRAPPER=/usr/lib/gcc/i686-linux-gnu/4.8/lto-wrapper
Target: i686-linux-gnu
Configured with: ../src/configure -v --with-pkgversion='Ubuntu/Linaro 4.8.1-10ubuntu9' --with-bugurl=file:///usr/share/doc/gcc-4.8/README.Bugs --enable-languages=c,c++,java,go,d,fortran,objc,obj-c++ --prefix=/usr --program-suffix=-4.8 --enable-shared --enable-linker-build-id --libexecdir=/usr/lib --without-included-gettext --enable-threads=posix --with-gxx-include-dir=/usr/include/c++/4.8 --libdir=/usr/lib --enable-nls --with-sysroot=/ --enable-clocale=gnu --enable-libstdcxx-debug --enable-libstdcxx-time=yes --enable-gnu-unique-object --enable-plugin --with-system-zlib --disable-browser-plugin --enable-java-awt=gtk --enable-gtk-cairo --with-java-home=/usr/lib/jvm/java-1.5.0-gcj-4.8-i386/jre --enable-java-home --with-jvm-root-dir=/usr/lib/jvm/java-1.5.0-gcj-4.8-i386 --with-jvm-jar-dir=/usr/lib/jvm-exports/java-1.5.0-gcj-4.8-i386 --with-arch-directory=i386 --with-ecj-jar=/usr/share/java/eclipse-ecj.jar --enable-objc-gc --enable-targets=all --enable-multiarch --disable-werror --with-arch-32=i686 --with-multilib-list=m32,m64,mx32 --with-tune=generic --enable-checking=release --build=i686-linux-gnu --host=i686-linux-gnu --target=i686-linux-gnu
Thread model: posix
gcc version 4.8.1 (Ubuntu/Linaro 4.8.1-10ubuntu9) 
>>>>>>> 2fa62aafebf51d26a356f76671af17f85fb9da6c
configure:3361: $? = 0
configure:3350: gcc -V >&5
gcc: error: unrecognized command line option '-V'
gcc: fatal error: no input files
compilation terminated.
configure:3361: $? = 4
configure:3350: gcc -qversion >&5
gcc: error: unrecognized command line option '-qversion'
gcc: fatal error: no input files
compilation terminated.
configure:3361: $? = 4
configure:3365: checking whether we are using the GNU C compiler
configure:3384: gcc -c -g -O2 -fPIE -fstack-protector --param=ssp-buffer-size=4 -Wformat -Werror=format-security -Wall -D_FORTIFY_SOURCE=2 conftest.c >&5
configure:3384: $? = 0
configure:3393: result: yes
configure:3402: checking whether gcc accepts -g
configure:3422: gcc -c -g -D_FORTIFY_SOURCE=2 conftest.c >&5
configure:3422: $? = 0
configure:3463: result: yes
configure:3480: checking for gcc option to accept ISO C89
configure:3544: gcc  -c -g -O2 -fPIE -fstack-protector --param=ssp-buffer-size=4 -Wformat -Werror=format-security -Wall -D_FORTIFY_SOURCE=2 conftest.c >&5
configure:3544: $? = 0
configure:3557: result: none needed
configure:3583: checking whether make sets $(MAKE)
configure:3605: result: yes
configure:3631: checking for a BSD-compatible install
configure:3699: result: /usr/bin/install -c
configure:3710: checking whether build environment is sane
configure:3760: result: yes
configure:3901: checking for a thread-safe mkdir -p
configure:3940: result: /bin/mkdir -p
configure:3953: checking for gawk
configure:3969: found /usr/bin/gawk
configure:3980: result: gawk
configure:4012: checking for style of include used by make
configure:4040: result: GNU
configure:4125: checking dependency style of gcc
configure:4235: result: none
configure:4252: checking dependency style of g++
configure:4362: result: none
configure:4379: checking whether to enable maintainer-specific portions of Makefiles
configure:4388: result: no
configure:4444: checking for ranlib
configure:4460: found /usr/bin/ranlib
configure:4471: result: ranlib
configure:4549: checking build system type
<<<<<<< HEAD
configure:4563: result: x86_64-pc-linux-gnu
configure:4583: checking host system type
configure:4596: result: x86_64-pc-linux-gnu
=======
configure:4563: result: i686-pc-linux-gnu
configure:4583: checking host system type
configure:4596: result: i686-pc-linux-gnu
>>>>>>> 2fa62aafebf51d26a356f76671af17f85fb9da6c
configure:4637: checking how to print strings
configure:4664: result: printf
configure:4685: checking for a sed that does not truncate output
configure:4749: result: /bin/sed
configure:4767: checking for grep that handles long lines and -e
configure:4825: result: /bin/grep
configure:4830: checking for egrep
configure:4892: result: /bin/grep -E
configure:4897: checking for fgrep
configure:4959: result: /bin/grep -F
configure:4994: checking for ld used by gcc
configure:5061: result: /usr/bin/ld
configure:5068: checking if the linker (/usr/bin/ld) is GNU ld
configure:5083: result: yes
configure:5095: checking for BSD- or MS-compatible name lister (nm)
configure:5144: result: /usr/bin/nm -B
configure:5274: checking the name lister (/usr/bin/nm -B) interface
configure:5281: g++ -c -g -O2 -fPIE -fstack-protector --param=ssp-buffer-size=4 -Wformat -Werror=format-security -D_FORTIFY_SOURCE=2 conftest.cpp >&5
configure:5284: /usr/bin/nm -B "conftest.o"
configure:5287: output
<<<<<<< HEAD
0000000000000000 B some_variable
=======
00000000 B some_variable
>>>>>>> 2fa62aafebf51d26a356f76671af17f85fb9da6c
configure:5294: result: BSD nm
configure:5297: checking whether ln -s works
configure:5301: result: yes
configure:5309: checking the maximum length of command line arguments
<<<<<<< HEAD
configure:5434: result: 3458764513820540925
=======
configure:5434: result: 805306365
>>>>>>> 2fa62aafebf51d26a356f76671af17f85fb9da6c
configure:5451: checking whether the shell understands some XSI constructs
configure:5461: result: yes
configure:5465: checking whether the shell understands "+="
configure:5471: result: yes
configure:5506: checking for /usr/bin/ld option to reload object files
configure:5513: result: -r
configure:5582: checking for objdump
configure:5598: found /usr/bin/objdump
configure:5609: result: objdump
configure:5641: checking how to recognize dependent libraries
configure:5843: result: pass_all
configure:5903: checking for ar
configure:5919: found /usr/bin/ar
configure:5930: result: ar
configure:6008: checking for strip
configure:6024: found /usr/bin/strip
configure:6035: result: strip
configure:6107: checking for ranlib
configure:6134: result: ranlib
configure:6236: checking command to parse /usr/bin/nm -B output from gcc object
configure:6354: g++ -c -g -O2 -fPIE -fstack-protector --param=ssp-buffer-size=4 -Wformat -Werror=format-security -D_FORTIFY_SOURCE=2 conftest.cpp >&5
configure:6357: $? = 0
configure:6361: /usr/bin/nm -B conftest.o \| sed -n -e 's/^.*[ ]\([ABCDGIRSTW][ABCDGIRSTW]*\)[ ][ ]*\([_A-Za-z][_A-Za-z0-9]*\)$/\1 \2 \2/p' \> conftest.nm
configure:6364: $? = 0
configure:6418: g++ -o conftest -g -O2 -fPIE -fstack-protector --param=ssp-buffer-size=4 -Wformat -Werror=format-security -D_FORTIFY_SOURCE=2 -Wl,-Bsymbolic-functions -fPIE -pie -Wl,-z,relro -Wl,-z,now conftest.cpp conftstm.o >&5
configure:6421: $? = 0
configure:6459: result: ok
<<<<<<< HEAD
configure:6555: g++ -c -g -O2 -fPIE -fstack-protector --param=ssp-buffer-size=4 -Wformat -Werror=format-security -D_FORTIFY_SOURCE=2 conftest.cpp >&5
configure:6558: $? = 0
=======
>>>>>>> 2fa62aafebf51d26a356f76671af17f85fb9da6c
configure:7300: checking how to run the C preprocessor
configure:7331: gcc -E -D_FORTIFY_SOURCE=2 conftest.c
configure:7331: $? = 0
configure:7345: gcc -E -D_FORTIFY_SOURCE=2 conftest.c
conftest.c:13:28: fatal error: ac_nonexistent.h: No such file or directory
 #include <ac_nonexistent.h>
                            ^
compilation terminated.
configure:7345: $? = 1
configure: failed program was:
| /* confdefs.h */
| #define PACKAGE_NAME "libTrie"
| #define PACKAGE_TARNAME "libtrie"
| #define PACKAGE_VERSION "0.1"
| #define PACKAGE_STRING "libTrie 0.1"
| #define PACKAGE_BUGREPORT "rbtcollins@squid-cache.org"
| #define PACKAGE_URL ""
| #define _SQUID_INLINE_ inline
| #define _USE_INLINE_ 1
| #define PACKAGE "libTrie"
| #define VERSION "0.1"
| /* end confdefs.h.  */
| #include <ac_nonexistent.h>
configure:7370: result: gcc -E
configure:7390: gcc -E -D_FORTIFY_SOURCE=2 conftest.c
configure:7390: $? = 0
configure:7404: gcc -E -D_FORTIFY_SOURCE=2 conftest.c
conftest.c:13:28: fatal error: ac_nonexistent.h: No such file or directory
 #include <ac_nonexistent.h>
                            ^
compilation terminated.
configure:7404: $? = 1
configure: failed program was:
| /* confdefs.h */
| #define PACKAGE_NAME "libTrie"
| #define PACKAGE_TARNAME "libtrie"
| #define PACKAGE_VERSION "0.1"
| #define PACKAGE_STRING "libTrie 0.1"
| #define PACKAGE_BUGREPORT "rbtcollins@squid-cache.org"
| #define PACKAGE_URL ""
| #define _SQUID_INLINE_ inline
| #define _USE_INLINE_ 1
| #define PACKAGE "libTrie"
| #define VERSION "0.1"
| /* end confdefs.h.  */
| #include <ac_nonexistent.h>
configure:7433: checking for ANSI C header files
configure:7453: gcc -c -g -O2 -fPIE -fstack-protector --param=ssp-buffer-size=4 -Wformat -Werror=format-security -Wall -D_FORTIFY_SOURCE=2 conftest.c >&5
configure:7453: $? = 0
configure:7526: gcc -o conftest -g -O2 -fPIE -fstack-protector --param=ssp-buffer-size=4 -Wformat -Werror=format-security -Wall -D_FORTIFY_SOURCE=2 -Wl,-Bsymbolic-functions -fPIE -pie -Wl,-z,relro -Wl,-z,now conftest.c  >&5
configure:7526: $? = 0
configure:7526: ./conftest
configure:7526: $? = 0
configure:7537: result: yes
configure:7550: checking for sys/types.h
configure:7550: gcc -c -g -O2 -fPIE -fstack-protector --param=ssp-buffer-size=4 -Wformat -Werror=format-security -Wall -D_FORTIFY_SOURCE=2 conftest.c >&5
configure:7550: $? = 0
configure:7550: result: yes
configure:7550: checking for sys/stat.h
configure:7550: gcc -c -g -O2 -fPIE -fstack-protector --param=ssp-buffer-size=4 -Wformat -Werror=format-security -Wall -D_FORTIFY_SOURCE=2 conftest.c >&5
configure:7550: $? = 0
configure:7550: result: yes
configure:7550: checking for stdlib.h
configure:7550: gcc -c -g -O2 -fPIE -fstack-protector --param=ssp-buffer-size=4 -Wformat -Werror=format-security -Wall -D_FORTIFY_SOURCE=2 conftest.c >&5
configure:7550: $? = 0
configure:7550: result: yes
configure:7550: checking for string.h
configure:7550: gcc -c -g -O2 -fPIE -fstack-protector --param=ssp-buffer-size=4 -Wformat -Werror=format-security -Wall -D_FORTIFY_SOURCE=2 conftest.c >&5
configure:7550: $? = 0
configure:7550: result: yes
configure:7550: checking for memory.h
configure:7550: gcc -c -g -O2 -fPIE -fstack-protector --param=ssp-buffer-size=4 -Wformat -Werror=format-security -Wall -D_FORTIFY_SOURCE=2 conftest.c >&5
configure:7550: $? = 0
configure:7550: result: yes
configure:7550: checking for strings.h
configure:7550: gcc -c -g -O2 -fPIE -fstack-protector --param=ssp-buffer-size=4 -Wformat -Werror=format-security -Wall -D_FORTIFY_SOURCE=2 conftest.c >&5
configure:7550: $? = 0
configure:7550: result: yes
configure:7550: checking for inttypes.h
configure:7550: gcc -c -g -O2 -fPIE -fstack-protector --param=ssp-buffer-size=4 -Wformat -Werror=format-security -Wall -D_FORTIFY_SOURCE=2 conftest.c >&5
configure:7550: $? = 0
configure:7550: result: yes
configure:7550: checking for stdint.h
configure:7550: gcc -c -g -O2 -fPIE -fstack-protector --param=ssp-buffer-size=4 -Wformat -Werror=format-security -Wall -D_FORTIFY_SOURCE=2 conftest.c >&5
configure:7550: $? = 0
configure:7550: result: yes
configure:7550: checking for unistd.h
configure:7550: gcc -c -g -O2 -fPIE -fstack-protector --param=ssp-buffer-size=4 -Wformat -Werror=format-security -Wall -D_FORTIFY_SOURCE=2 conftest.c >&5
configure:7550: $? = 0
configure:7550: result: yes
configure:7564: checking for dlfcn.h
configure:7564: gcc -c -g -O2 -fPIE -fstack-protector --param=ssp-buffer-size=4 -Wformat -Werror=format-security -Wall -D_FORTIFY_SOURCE=2 conftest.c >&5
configure:7564: $? = 0
configure:7564: result: yes
configure:7750: checking for objdir
configure:7765: result: .libs
configure:8032: checking if gcc supports -fno-rtti -fno-exceptions
configure:8050: gcc -c -g -O2 -fPIE -fstack-protector --param=ssp-buffer-size=4 -Wformat -Werror=format-security -Wall -D_FORTIFY_SOURCE=2 -fno-rtti -fno-exceptions conftest.c >&5
cc1: warning: command line option '-fno-rtti' is valid for C++/ObjC++ but not for C [enabled by default]
configure:8054: $? = 0
configure:8067: result: no
configure:8087: checking for gcc option to produce PIC
configure:8372: result: -fPIC -DPIC
configure:8384: checking if gcc PIC flag -fPIC -DPIC works
configure:8402: gcc -c -g -O2 -fPIE -fstack-protector --param=ssp-buffer-size=4 -Wformat -Werror=format-security -Wall -D_FORTIFY_SOURCE=2 -fPIC -DPIC -DPIC conftest.c >&5
configure:8406: $? = 0
configure:8419: result: yes
configure:8443: checking if gcc static flag -static works
<<<<<<< HEAD
configure:8471: result: no
=======
configure:8471: result: yes
>>>>>>> 2fa62aafebf51d26a356f76671af17f85fb9da6c
configure:8486: checking if gcc supports -c -o file.o
configure:8507: gcc -c -g -O2 -fPIE -fstack-protector --param=ssp-buffer-size=4 -Wformat -Werror=format-security -Wall -D_FORTIFY_SOURCE=2 -o out/conftest2.o conftest.c >&5
configure:8511: $? = 0
configure:8533: result: yes
configure:8541: checking if gcc supports -c -o file.o
configure:8588: result: yes
<<<<<<< HEAD
configure:8621: checking whether the gcc linker (/usr/bin/ld -m elf_x86_64) supports shared libraries
=======
configure:8621: checking whether the gcc linker (/usr/bin/ld) supports shared libraries
>>>>>>> 2fa62aafebf51d26a356f76671af17f85fb9da6c
configure:9696: result: yes
configure:9733: checking whether -lc should be explicitly linked in
configure:9741: gcc -c -g -O2 -fPIE -fstack-protector --param=ssp-buffer-size=4 -Wformat -Werror=format-security -Wall -D_FORTIFY_SOURCE=2 conftest.c >&5
configure:9744: $? = 0
configure:9759: gcc -shared conftest.o  -v -Wl,-soname -Wl,conftest -o conftest 2\>\&1 \| /bin/grep  -lc  \>/dev/null 2\>\&1
configure:9762: $? = 0
configure:9776: result: no
configure:9941: checking dynamic linker characteristics
configure:10396: gcc -o conftest -g -O2 -fPIE -fstack-protector --param=ssp-buffer-size=4 -Wformat -Werror=format-security -Wall -D_FORTIFY_SOURCE=2 -Wl,-Bsymbolic-functions -fPIE -pie -Wl,-z,relro -Wl,-z,now -Wl,-rpath -Wl,/foo conftest.c  >&5
configure:10396: $? = 0
configure:10618: result: GNU/Linux ld.so
configure:10725: checking how to hardcode library paths into programs
configure:10750: result: immediate
configure:10844: checking for shl_load
configure:10844: gcc -o conftest -g -O2 -fPIE -fstack-protector --param=ssp-buffer-size=4 -Wformat -Werror=format-security -Wall -D_FORTIFY_SOURCE=2 -Wl,-Bsymbolic-functions -fPIE -pie -Wl,-z,relro -Wl,-z,now conftest.c  >&5
<<<<<<< HEAD
/tmp/ccToNMJY.o: In function `main':
/home/work/spaceify/spaceify/squid/squid3-3.3.8.spaceify/lib/libTrie/conftest.c:59: undefined reference to `shl_load'
=======
/tmp/ccRbhW42.o: In function `main':
/home/researcher/spaceify/squid/squid3-3.3.8.spaceify/lib/libTrie/conftest.c:59: undefined reference to `shl_load'
>>>>>>> 2fa62aafebf51d26a356f76671af17f85fb9da6c
collect2: error: ld returned 1 exit status
configure:10844: $? = 1
configure: failed program was:
| /* confdefs.h */
| #define PACKAGE_NAME "libTrie"
| #define PACKAGE_TARNAME "libtrie"
| #define PACKAGE_VERSION "0.1"
| #define PACKAGE_STRING "libTrie 0.1"
| #define PACKAGE_BUGREPORT "rbtcollins@squid-cache.org"
| #define PACKAGE_URL ""
| #define _SQUID_INLINE_ inline
| #define _USE_INLINE_ 1
| #define PACKAGE "libTrie"
| #define VERSION "0.1"
| #define STDC_HEADERS 1
| #define HAVE_SYS_TYPES_H 1
| #define HAVE_SYS_STAT_H 1
| #define HAVE_STDLIB_H 1
| #define HAVE_STRING_H 1
| #define HAVE_MEMORY_H 1
| #define HAVE_STRINGS_H 1
| #define HAVE_INTTYPES_H 1
| #define HAVE_STDINT_H 1
| #define HAVE_UNISTD_H 1
| #define HAVE_DLFCN_H 1
| #define LT_OBJDIR ".libs/"
| /* end confdefs.h.  */
| /* Define shl_load to an innocuous variant, in case <limits.h> declares shl_load.
|    For example, HP-UX 11i <limits.h> declares gettimeofday.  */
| #define shl_load innocuous_shl_load
| 
| /* System header to define __stub macros and hopefully few prototypes,
|     which can conflict with char shl_load (); below.
|     Prefer <limits.h> to <assert.h> if __STDC__ is defined, since
|     <limits.h> exists even on freestanding compilers.  */
| 
| #ifdef __STDC__
| # include <limits.h>
| #else
| # include <assert.h>
| #endif
| 
| #undef shl_load
| 
| /* Override any GCC internal prototype to avoid an error.
|    Use char because int might match the return type of a GCC
|    builtin and then its argument prototype would still apply.  */
| #ifdef __cplusplus
| extern "C"
| #endif
| char shl_load ();
| /* The GNU C library defines this for functions which it implements
|     to always fail with ENOSYS.  Some functions are actually named
|     something starting with __ and the normal name is an alias.  */
| #if defined __stub_shl_load || defined __stub___shl_load
| choke me
| #endif
| 
| int
| main ()
| {
| return shl_load ();
|   ;
|   return 0;
| }
configure:10844: result: no
configure:10848: checking for shl_load in -ldld
configure:10873: gcc -o conftest -g -O2 -fPIE -fstack-protector --param=ssp-buffer-size=4 -Wformat -Werror=format-security -Wall -D_FORTIFY_SOURCE=2 -Wl,-Bsymbolic-functions -fPIE -pie -Wl,-z,relro -Wl,-z,now conftest.c -ldld   >&5
/usr/bin/ld: cannot find -ldld
collect2: error: ld returned 1 exit status
configure:10873: $? = 1
configure: failed program was:
| /* confdefs.h */
| #define PACKAGE_NAME "libTrie"
| #define PACKAGE_TARNAME "libtrie"
| #define PACKAGE_VERSION "0.1"
| #define PACKAGE_STRING "libTrie 0.1"
| #define PACKAGE_BUGREPORT "rbtcollins@squid-cache.org"
| #define PACKAGE_URL ""
| #define _SQUID_INLINE_ inline
| #define _USE_INLINE_ 1
| #define PACKAGE "libTrie"
| #define VERSION "0.1"
| #define STDC_HEADERS 1
| #define HAVE_SYS_TYPES_H 1
| #define HAVE_SYS_STAT_H 1
| #define HAVE_STDLIB_H 1
| #define HAVE_STRING_H 1
| #define HAVE_MEMORY_H 1
| #define HAVE_STRINGS_H 1
| #define HAVE_INTTYPES_H 1
| #define HAVE_STDINT_H 1
| #define HAVE_UNISTD_H 1
| #define HAVE_DLFCN_H 1
| #define LT_OBJDIR ".libs/"
| /* end confdefs.h.  */
| 
| /* Override any GCC internal prototype to avoid an error.
|    Use char because int might match the return type of a GCC
|    builtin and then its argument prototype would still apply.  */
| #ifdef __cplusplus
| extern "C"
| #endif
| char shl_load ();
| int
| main ()
| {
| return shl_load ();
|   ;
|   return 0;
| }
configure:10882: result: no
configure:10887: checking for dlopen
configure:10887: gcc -o conftest -g -O2 -fPIE -fstack-protector --param=ssp-buffer-size=4 -Wformat -Werror=format-security -Wall -D_FORTIFY_SOURCE=2 -Wl,-Bsymbolic-functions -fPIE -pie -Wl,-z,relro -Wl,-z,now conftest.c  >&5
<<<<<<< HEAD
/tmp/ccNaOPod.o: In function `main':
/home/work/spaceify/spaceify/squid/squid3-3.3.8.spaceify/lib/libTrie/conftest.c:59: undefined reference to `dlopen'
=======
/tmp/ccT0PJ0r.o: In function `main':
/home/researcher/spaceify/squid/squid3-3.3.8.spaceify/lib/libTrie/conftest.c:59: undefined reference to `dlopen'
>>>>>>> 2fa62aafebf51d26a356f76671af17f85fb9da6c
collect2: error: ld returned 1 exit status
configure:10887: $? = 1
configure: failed program was:
| /* confdefs.h */
| #define PACKAGE_NAME "libTrie"
| #define PACKAGE_TARNAME "libtrie"
| #define PACKAGE_VERSION "0.1"
| #define PACKAGE_STRING "libTrie 0.1"
| #define PACKAGE_BUGREPORT "rbtcollins@squid-cache.org"
| #define PACKAGE_URL ""
| #define _SQUID_INLINE_ inline
| #define _USE_INLINE_ 1
| #define PACKAGE "libTrie"
| #define VERSION "0.1"
| #define STDC_HEADERS 1
| #define HAVE_SYS_TYPES_H 1
| #define HAVE_SYS_STAT_H 1
| #define HAVE_STDLIB_H 1
| #define HAVE_STRING_H 1
| #define HAVE_MEMORY_H 1
| #define HAVE_STRINGS_H 1
| #define HAVE_INTTYPES_H 1
| #define HAVE_STDINT_H 1
| #define HAVE_UNISTD_H 1
| #define HAVE_DLFCN_H 1
| #define LT_OBJDIR ".libs/"
| /* end confdefs.h.  */
| /* Define dlopen to an innocuous variant, in case <limits.h> declares dlopen.
|    For example, HP-UX 11i <limits.h> declares gettimeofday.  */
| #define dlopen innocuous_dlopen
| 
| /* System header to define __stub macros and hopefully few prototypes,
|     which can conflict with char dlopen (); below.
|     Prefer <limits.h> to <assert.h> if __STDC__ is defined, since
|     <limits.h> exists even on freestanding compilers.  */
| 
| #ifdef __STDC__
| # include <limits.h>
| #else
| # include <assert.h>
| #endif
| 
| #undef dlopen
| 
| /* Override any GCC internal prototype to avoid an error.
|    Use char because int might match the return type of a GCC
|    builtin and then its argument prototype would still apply.  */
| #ifdef __cplusplus
| extern "C"
| #endif
| char dlopen ();
| /* The GNU C library defines this for functions which it implements
|     to always fail with ENOSYS.  Some functions are actually named
|     something starting with __ and the normal name is an alias.  */
| #if defined __stub_dlopen || defined __stub___dlopen
| choke me
| #endif
| 
| int
| main ()
| {
| return dlopen ();
|   ;
|   return 0;
| }
configure:10887: result: no
configure:10891: checking for dlopen in -ldl
configure:10916: gcc -o conftest -g -O2 -fPIE -fstack-protector --param=ssp-buffer-size=4 -Wformat -Werror=format-security -Wall -D_FORTIFY_SOURCE=2 -Wl,-Bsymbolic-functions -fPIE -pie -Wl,-z,relro -Wl,-z,now conftest.c -ldl   >&5
configure:10916: $? = 0
configure:10925: result: yes
configure:11044: checking whether a program can dlopen itself
configure:11124: gcc -o conftest -g -O2 -fPIE -fstack-protector --param=ssp-buffer-size=4 -Wformat -Werror=format-security -Wall -D_FORTIFY_SOURCE=2 -DHAVE_DLFCN_H -Wl,-Bsymbolic-functions -fPIE -pie -Wl,-z,relro -Wl,-z,now -Wl,--export-dynamic conftest.c -ldl  >&5
configure: In function 'fnord':
configure:11100:21: warning: unused variable 'i' [-Wunused-variable]
 #endif
                     ^
configure:11127: $? = 0
configure:11145: result: yes
configure:11150: checking whether a statically linked program can dlopen itself
<<<<<<< HEAD
configure:11230: gcc -o conftest -g -O2 -fPIE -fstack-protector --param=ssp-buffer-size=4 -Wformat -Werror=format-security -Wall -D_FORTIFY_SOURCE=2 -DHAVE_DLFCN_H -Wl,-Bsymbolic-functions -fPIE -pie -Wl,-z,relro -Wl,-z,now -Wl,--export-dynamic  conftest.c -ldl  >&5
=======
configure:11230: gcc -o conftest -g -O2 -fPIE -fstack-protector --param=ssp-buffer-size=4 -Wformat -Werror=format-security -Wall -D_FORTIFY_SOURCE=2 -DHAVE_DLFCN_H -Wl,-Bsymbolic-functions -fPIE -pie -Wl,-z,relro -Wl,-z,now -Wl,--export-dynamic -static conftest.c -ldl  >&5
>>>>>>> 2fa62aafebf51d26a356f76671af17f85fb9da6c
configure: In function 'fnord':
configure:11206:21: warning: unused variable 'i' [-Wunused-variable]
 #endif
                     ^
<<<<<<< HEAD
configure:11233: $? = 0
configure:11251: result: yes
=======
/tmp/cccIUvd8.o: In function `main':
/home/researcher/spaceify/squid/squid3-3.3.8.spaceify/lib/libTrie/configure:11209: warning: Using 'dlopen' in statically linked applications requires at runtime the shared libraries from the glibc version used for linking
configure:11233: $? = 0
configure:11251: result: no
>>>>>>> 2fa62aafebf51d26a356f76671af17f85fb9da6c
configure:11290: checking whether stripping libraries is possible
configure:11295: result: yes
configure:11330: checking if libtool supports shared libraries
configure:11332: result: yes
configure:11335: checking whether to build shared libraries
configure:11356: result: yes
configure:11359: checking whether to build static libraries
configure:11363: result: yes
configure:11386: checking how to run the C++ preprocessor
configure:11413: g++ -E -D_FORTIFY_SOURCE=2 conftest.cpp
configure:11413: $? = 0
configure:11427: g++ -E -D_FORTIFY_SOURCE=2 conftest.cpp
conftest.cpp:25:28: fatal error: ac_nonexistent.h: No such file or directory
 #include <ac_nonexistent.h>
                            ^
compilation terminated.
configure:11427: $? = 1
configure: failed program was:
| /* confdefs.h */
| #define PACKAGE_NAME "libTrie"
| #define PACKAGE_TARNAME "libtrie"
| #define PACKAGE_VERSION "0.1"
| #define PACKAGE_STRING "libTrie 0.1"
| #define PACKAGE_BUGREPORT "rbtcollins@squid-cache.org"
| #define PACKAGE_URL ""
| #define _SQUID_INLINE_ inline
| #define _USE_INLINE_ 1
| #define PACKAGE "libTrie"
| #define VERSION "0.1"
| #define STDC_HEADERS 1
| #define HAVE_SYS_TYPES_H 1
| #define HAVE_SYS_STAT_H 1
| #define HAVE_STDLIB_H 1
| #define HAVE_STRING_H 1
| #define HAVE_MEMORY_H 1
| #define HAVE_STRINGS_H 1
| #define HAVE_INTTYPES_H 1
| #define HAVE_STDINT_H 1
| #define HAVE_UNISTD_H 1
| #define HAVE_DLFCN_H 1
| #define LT_OBJDIR ".libs/"
| /* end confdefs.h.  */
| #include <ac_nonexistent.h>
configure:11452: result: g++ -E
configure:11472: g++ -E -D_FORTIFY_SOURCE=2 conftest.cpp
configure:11472: $? = 0
configure:11486: g++ -E -D_FORTIFY_SOURCE=2 conftest.cpp
conftest.cpp:25:28: fatal error: ac_nonexistent.h: No such file or directory
 #include <ac_nonexistent.h>
                            ^
compilation terminated.
configure:11486: $? = 1
configure: failed program was:
| /* confdefs.h */
| #define PACKAGE_NAME "libTrie"
| #define PACKAGE_TARNAME "libtrie"
| #define PACKAGE_VERSION "0.1"
| #define PACKAGE_STRING "libTrie 0.1"
| #define PACKAGE_BUGREPORT "rbtcollins@squid-cache.org"
| #define PACKAGE_URL ""
| #define _SQUID_INLINE_ inline
| #define _USE_INLINE_ 1
| #define PACKAGE "libTrie"
| #define VERSION "0.1"
| #define STDC_HEADERS 1
| #define HAVE_SYS_TYPES_H 1
| #define HAVE_SYS_STAT_H 1
| #define HAVE_STDLIB_H 1
| #define HAVE_STRING_H 1
| #define HAVE_MEMORY_H 1
| #define HAVE_STRINGS_H 1
| #define HAVE_INTTYPES_H 1
| #define HAVE_STDINT_H 1
| #define HAVE_UNISTD_H 1
| #define HAVE_DLFCN_H 1
| #define LT_OBJDIR ".libs/"
| /* end confdefs.h.  */
| #include <ac_nonexistent.h>
configure:11654: checking for ld used by g++
<<<<<<< HEAD
configure:11721: result: /usr/bin/ld -m elf_x86_64
configure:11728: checking if the linker (/usr/bin/ld -m elf_x86_64) is GNU ld
configure:11743: result: yes
configure:11798: checking whether the g++ linker (/usr/bin/ld -m elf_x86_64) supports shared libraries
=======
configure:11721: result: /usr/bin/ld
configure:11728: checking if the linker (/usr/bin/ld) is GNU ld
configure:11743: result: yes
configure:11798: checking whether the g++ linker (/usr/bin/ld) supports shared libraries
>>>>>>> 2fa62aafebf51d26a356f76671af17f85fb9da6c
configure:12730: result: yes
configure:12758: g++ -c -g -O2 -fPIE -fstack-protector --param=ssp-buffer-size=4 -Wformat -Werror=format-security -D_FORTIFY_SOURCE=2 conftest.cpp >&5
configure:12761: $? = 0
configure:12943: checking for g++ option to produce PIC
configure:13265: result: -fPIC -DPIC
configure:13274: checking if g++ PIC flag -fPIC -DPIC works
configure:13292: g++ -c -g -O2 -fPIE -fstack-protector --param=ssp-buffer-size=4 -Wformat -Werror=format-security -D_FORTIFY_SOURCE=2 -fPIC -DPIC -DPIC conftest.cpp >&5
configure:13296: $? = 0
configure:13309: result: yes
configure:13330: checking if g++ static flag -static works
<<<<<<< HEAD
configure:13358: result: no
=======
configure:13358: result: yes
>>>>>>> 2fa62aafebf51d26a356f76671af17f85fb9da6c
configure:13370: checking if g++ supports -c -o file.o
configure:13391: g++ -c -g -O2 -fPIE -fstack-protector --param=ssp-buffer-size=4 -Wformat -Werror=format-security -D_FORTIFY_SOURCE=2 -o out/conftest2.o conftest.cpp >&5
configure:13395: $? = 0
configure:13417: result: yes
configure:13422: checking if g++ supports -c -o file.o
configure:13469: result: yes
<<<<<<< HEAD
configure:13499: checking whether the g++ linker (/usr/bin/ld -m elf_x86_64) supports shared libraries
=======
configure:13499: checking whether the g++ linker (/usr/bin/ld) supports shared libraries
>>>>>>> 2fa62aafebf51d26a356f76671af17f85fb9da6c
configure:13527: result: yes
configure:13670: checking dynamic linker characteristics
configure:14281: result: GNU/Linux ld.so
configure:14334: checking how to hardcode library paths into programs
configure:14359: result: immediate
configure:14429: checking for library containing dlopen
configure:14460: gcc -o conftest -g -O2 -fPIE -fstack-protector --param=ssp-buffer-size=4 -Wformat -Werror=format-security -Wall -D_FORTIFY_SOURCE=2 -Wl,-Bsymbolic-functions -fPIE -pie -Wl,-z,relro -Wl,-z,now conftest.c  >&5
<<<<<<< HEAD
/tmp/cchawQab.o: In function `main':
/home/work/spaceify/spaceify/squid/squid3-3.3.8.spaceify/lib/libTrie/conftest.c:36: undefined reference to `dlopen'
=======
/tmp/ccgUvsG9.o: In function `main':
/home/researcher/spaceify/squid/squid3-3.3.8.spaceify/lib/libTrie/conftest.c:36: undefined reference to `dlopen'
>>>>>>> 2fa62aafebf51d26a356f76671af17f85fb9da6c
collect2: error: ld returned 1 exit status
configure:14460: $? = 1
configure: failed program was:
| /* confdefs.h */
| #define PACKAGE_NAME "libTrie"
| #define PACKAGE_TARNAME "libtrie"
| #define PACKAGE_VERSION "0.1"
| #define PACKAGE_STRING "libTrie 0.1"
| #define PACKAGE_BUGREPORT "rbtcollins@squid-cache.org"
| #define PACKAGE_URL ""
| #define _SQUID_INLINE_ inline
| #define _USE_INLINE_ 1
| #define PACKAGE "libTrie"
| #define VERSION "0.1"
| #define STDC_HEADERS 1
| #define HAVE_SYS_TYPES_H 1
| #define HAVE_SYS_STAT_H 1
| #define HAVE_STDLIB_H 1
| #define HAVE_STRING_H 1
| #define HAVE_MEMORY_H 1
| #define HAVE_STRINGS_H 1
| #define HAVE_INTTYPES_H 1
| #define HAVE_STDINT_H 1
| #define HAVE_UNISTD_H 1
| #define HAVE_DLFCN_H 1
| #define LT_OBJDIR ".libs/"
| /* end confdefs.h.  */
| 
| /* Override any GCC internal prototype to avoid an error.
|    Use char because int might match the return type of a GCC
|    builtin and then its argument prototype would still apply.  */
| #ifdef __cplusplus
| extern "C"
| #endif
| char dlopen ();
| int
| main ()
| {
| return dlopen ();
|   ;
|   return 0;
| }
configure:14460: gcc -o conftest -g -O2 -fPIE -fstack-protector --param=ssp-buffer-size=4 -Wformat -Werror=format-security -Wall -D_FORTIFY_SOURCE=2 -Wl,-Bsymbolic-functions -fPIE -pie -Wl,-z,relro -Wl,-z,now conftest.c -ldl   >&5
configure:14460: $? = 0
configure:14477: result: -ldl
configure:14567: checking for dlerror
configure:14567: gcc -o conftest -g -O2 -fPIE -fstack-protector --param=ssp-buffer-size=4 -Wformat -Werror=format-security -Wall -D_FORTIFY_SOURCE=2 -Wl,-Bsymbolic-functions -fPIE -pie -Wl,-z,relro -Wl,-z,now conftest.c -ldl  -ldl >&5
configure:14567: $? = 0
configure:14567: result: yes
configure:14581: checking for shl_load
configure:14581: result: no
configure:14588: checking for shl_load in -ldld
configure:14622: result: no
configure:14668: checking for dld_link in -ldld
configure:14693: gcc -o conftest -g -O2 -fPIE -fstack-protector --param=ssp-buffer-size=4 -Wformat -Werror=format-security -Wall -D_FORTIFY_SOURCE=2 -Wl,-Bsymbolic-functions -fPIE -pie -Wl,-z,relro -Wl,-z,now conftest.c -ldld  -ldl  >&5
/usr/bin/ld: cannot find -ldld
collect2: error: ld returned 1 exit status
configure:14693: $? = 1
configure: failed program was:
| /* confdefs.h */
| #define PACKAGE_NAME "libTrie"
| #define PACKAGE_TARNAME "libtrie"
| #define PACKAGE_VERSION "0.1"
| #define PACKAGE_STRING "libTrie 0.1"
| #define PACKAGE_BUGREPORT "rbtcollins@squid-cache.org"
| #define PACKAGE_URL ""
| #define _SQUID_INLINE_ inline
| #define _USE_INLINE_ 1
| #define PACKAGE "libTrie"
| #define VERSION "0.1"
| #define STDC_HEADERS 1
| #define HAVE_SYS_TYPES_H 1
| #define HAVE_SYS_STAT_H 1
| #define HAVE_STDLIB_H 1
| #define HAVE_STRING_H 1
| #define HAVE_MEMORY_H 1
| #define HAVE_STRINGS_H 1
| #define HAVE_INTTYPES_H 1
| #define HAVE_STDINT_H 1
| #define HAVE_UNISTD_H 1
| #define HAVE_DLFCN_H 1
| #define LT_OBJDIR ".libs/"
| #define HAVE_LIBDL 1
| #define HAVE_DLERROR 1
| /* end confdefs.h.  */
| 
| /* Override any GCC internal prototype to avoid an error.
|    Use char because int might match the return type of a GCC
|    builtin and then its argument prototype would still apply.  */
| #ifdef __cplusplus
| extern "C"
| #endif
| char dld_link ();
| int
| main ()
| {
| return dld_link ();
|   ;
|   return 0;
| }
configure:14702: result: no
configure:14759: strict error checking enabled: yes
configure:14780: checking iostream usability
configure:14780: g++ -c -g -O2 -fPIE -fstack-protector --param=ssp-buffer-size=4 -Wformat -Werror=format-security -D_FORTIFY_SOURCE=2 conftest.cpp >&5
configure:14780: $? = 0
configure:14780: result: yes
configure:14780: checking iostream presence
configure:14780: g++ -E -D_FORTIFY_SOURCE=2 conftest.cpp
configure:14780: $? = 0
configure:14780: result: yes
configure:14780: checking for iostream
configure:14780: result: yes
configure:14792: checking for an ANSI C-conforming const
configure:14857: g++ -c -g -O2 -fPIE -fstack-protector --param=ssp-buffer-size=4 -Wformat -Werror=format-security -D_FORTIFY_SOURCE=2 conftest.cpp >&5
configure:14857: $? = 0
configure:14864: result: yes
configure:14872: checking for size_t
configure:14872: g++ -c -g -O2 -fPIE -fstack-protector --param=ssp-buffer-size=4 -Wformat -Werror=format-security -D_FORTIFY_SOURCE=2 conftest.cpp >&5
configure:14872: $? = 0
configure:14872: g++ -c -g -O2 -fPIE -fstack-protector --param=ssp-buffer-size=4 -Wformat -Werror=format-security -D_FORTIFY_SOURCE=2 conftest.cpp >&5
conftest.cpp: In function 'int main()':
conftest.cpp:65:20: error: expected primary-expression before ')' token
 if (sizeof ((size_t)))
                    ^
configure:14872: $? = 1
configure: failed program was:
| /* confdefs.h */
| #define PACKAGE_NAME "libTrie"
| #define PACKAGE_TARNAME "libtrie"
| #define PACKAGE_VERSION "0.1"
| #define PACKAGE_STRING "libTrie 0.1"
| #define PACKAGE_BUGREPORT "rbtcollins@squid-cache.org"
| #define PACKAGE_URL ""
| #define _SQUID_INLINE_ inline
| #define _USE_INLINE_ 1
| #define PACKAGE "libTrie"
| #define VERSION "0.1"
| #define STDC_HEADERS 1
| #define HAVE_SYS_TYPES_H 1
| #define HAVE_SYS_STAT_H 1
| #define HAVE_STDLIB_H 1
| #define HAVE_STRING_H 1
| #define HAVE_MEMORY_H 1
| #define HAVE_STRINGS_H 1
| #define HAVE_INTTYPES_H 1
| #define HAVE_STDINT_H 1
| #define HAVE_UNISTD_H 1
| #define HAVE_DLFCN_H 1
| #define LT_OBJDIR ".libs/"
| #define HAVE_LIBDL 1
| #define HAVE_DLERROR 1
| #define HAVE_LIBDLLOADER 1
| #define HAVE_IOSTREAM 1
| /* end confdefs.h.  */
| #include <stdio.h>
| #ifdef HAVE_SYS_TYPES_H
| # include <sys/types.h>
| #endif
| #ifdef HAVE_SYS_STAT_H
| # include <sys/stat.h>
| #endif
| #ifdef STDC_HEADERS
| # include <stdlib.h>
| # include <stddef.h>
| #else
| # ifdef HAVE_STDLIB_H
| #  include <stdlib.h>
| # endif
| #endif
| #ifdef HAVE_STRING_H
| # if !defined STDC_HEADERS && defined HAVE_MEMORY_H
| #  include <memory.h>
| # endif
| # include <string.h>
| #endif
| #ifdef HAVE_STRINGS_H
| # include <strings.h>
| #endif
| #ifdef HAVE_INTTYPES_H
| # include <inttypes.h>
| #endif
| #ifdef HAVE_STDINT_H
| # include <stdint.h>
| #endif
| #ifdef HAVE_UNISTD_H
| # include <unistd.h>
| #endif
| int
| main ()
| {
| if (sizeof ((size_t)))
| 	    return 0;
|   ;
|   return 0;
| }
configure:14872: result: yes
configure:15026: creating ./config.status

## ---------------------- ##
## Running config.status. ##
## ---------------------- ##

This file was extended by libTrie config.status 0.1, which was
generated by GNU Autoconf 2.68.  Invocation command line was

  CONFIG_FILES    = 
  CONFIG_HEADERS  = 
  CONFIG_LINKS    = 
  CONFIG_COMMANDS = 
  $ ./config.status 

<<<<<<< HEAD
on ubuntu
=======
on mesh-26
>>>>>>> 2fa62aafebf51d26a356f76671af17f85fb9da6c

config.status:1162: creating Makefile
config.status:1162: creating include/Makefile
config.status:1162: creating src/Makefile
config.status:1162: creating test/Makefile
config.status:1162: creating config.h
config.status:1391: executing depfiles commands
config.status:1391: executing libtool commands

## ---------------- ##
## Cache variables. ##
## ---------------- ##

<<<<<<< HEAD
ac_cv_build=x86_64-pc-linux-gnu
=======
ac_cv_build=i686-pc-linux-gnu
>>>>>>> 2fa62aafebf51d26a356f76671af17f85fb9da6c
ac_cv_c_compiler_gnu=yes
ac_cv_c_const=yes
ac_cv_cxx_compiler_gnu=yes
ac_cv_env_CCC_set=
ac_cv_env_CCC_value=
ac_cv_env_CC_set=
ac_cv_env_CC_value=
ac_cv_env_CFLAGS_set=set
ac_cv_env_CFLAGS_value='-g -O2 -fPIE -fstack-protector --param=ssp-buffer-size=4 -Wformat -Werror=format-security -Wall'
ac_cv_env_CPPFLAGS_set=set
ac_cv_env_CPPFLAGS_value=-D_FORTIFY_SOURCE=2
ac_cv_env_CPP_set=
ac_cv_env_CPP_value=
ac_cv_env_CXXCPP_set=
ac_cv_env_CXXCPP_value=
ac_cv_env_CXXFLAGS_set=set
ac_cv_env_CXXFLAGS_value='-g -O2 -fPIE -fstack-protector --param=ssp-buffer-size=4 -Wformat -Werror=format-security'
ac_cv_env_CXX_set=
ac_cv_env_CXX_value=
ac_cv_env_LDFLAGS_set=set
ac_cv_env_LDFLAGS_value='-Wl,-Bsymbolic-functions -fPIE -pie -Wl,-z,relro -Wl,-z,now'
ac_cv_env_LIBS_set=
ac_cv_env_LIBS_value=
ac_cv_env_build_alias_set=set
<<<<<<< HEAD
ac_cv_env_build_alias_value=x86_64-linux-gnu
=======
ac_cv_env_build_alias_value=i686-linux-gnu
>>>>>>> 2fa62aafebf51d26a356f76671af17f85fb9da6c
ac_cv_env_host_alias_set=
ac_cv_env_host_alias_value=
ac_cv_env_target_alias_set=
ac_cv_env_target_alias_value=
ac_cv_func_dlerror=yes
ac_cv_func_dlopen=no
ac_cv_func_shl_load=no
ac_cv_header_dlfcn_h=yes
ac_cv_header_inttypes_h=yes
ac_cv_header_iostream=yes
ac_cv_header_memory_h=yes
ac_cv_header_stdc=yes
ac_cv_header_stdint_h=yes
ac_cv_header_stdlib_h=yes
ac_cv_header_string_h=yes
ac_cv_header_strings_h=yes
ac_cv_header_sys_stat_h=yes
ac_cv_header_sys_types_h=yes
ac_cv_header_unistd_h=yes
<<<<<<< HEAD
ac_cv_host=x86_64-pc-linux-gnu
=======
ac_cv_host=i686-pc-linux-gnu
>>>>>>> 2fa62aafebf51d26a356f76671af17f85fb9da6c
ac_cv_lib_dl_dlopen=yes
ac_cv_lib_dld_dld_link=no
ac_cv_lib_dld_shl_load=no
ac_cv_objext=o
ac_cv_path_EGREP='/bin/grep -E'
ac_cv_path_FGREP='/bin/grep -F'
ac_cv_path_GREP=/bin/grep
ac_cv_path_SED=/bin/sed
ac_cv_path_install='/usr/bin/install -c'
ac_cv_path_mkdir=/bin/mkdir
ac_cv_prog_AWK=gawk
ac_cv_prog_CPP='gcc -E'
ac_cv_prog_CXXCPP='g++ -E'
ac_cv_prog_ac_ct_AR=ar
ac_cv_prog_ac_ct_CC=gcc
ac_cv_prog_ac_ct_CXX=g++
ac_cv_prog_ac_ct_OBJDUMP=objdump
ac_cv_prog_ac_ct_RANLIB=ranlib
ac_cv_prog_ac_ct_STRIP=strip
ac_cv_prog_cc_c89=
ac_cv_prog_cc_g=yes
ac_cv_prog_cxx_g=yes
ac_cv_prog_make_make_set=yes
ac_cv_search_dlopen=-ldl
ac_cv_type_size_t=yes
am_cv_CC_dependencies_compiler_type=none
am_cv_CXX_dependencies_compiler_type=none
libltdl_cv_lib_dl_dlopen=yes
lt_cv_archive_cmds_need_lc=no
lt_cv_deplibs_check_method=pass_all
lt_cv_dlopen=dlopen
lt_cv_dlopen_libs=-ldl
lt_cv_dlopen_self=yes
<<<<<<< HEAD
lt_cv_dlopen_self_static=yes
=======
lt_cv_dlopen_self_static=no
>>>>>>> 2fa62aafebf51d26a356f76671af17f85fb9da6c
lt_cv_file_magic_cmd='$MAGIC_CMD'
lt_cv_file_magic_test_file=
lt_cv_ld_reload_flag=-r
lt_cv_nm_interface='BSD nm'
lt_cv_objdir=.libs
lt_cv_path_LD=/usr/bin/ld
<<<<<<< HEAD
lt_cv_path_LDCXX='/usr/bin/ld -m elf_x86_64'
=======
lt_cv_path_LDCXX=/usr/bin/ld
>>>>>>> 2fa62aafebf51d26a356f76671af17f85fb9da6c
lt_cv_path_NM='/usr/bin/nm -B'
lt_cv_prog_compiler_c_o=yes
lt_cv_prog_compiler_c_o_CXX=yes
lt_cv_prog_compiler_pic_works=yes
lt_cv_prog_compiler_pic_works_CXX=yes
lt_cv_prog_compiler_rtti_exceptions=no
<<<<<<< HEAD
lt_cv_prog_compiler_static_works=no
lt_cv_prog_compiler_static_works_CXX=no
=======
lt_cv_prog_compiler_static_works=yes
lt_cv_prog_compiler_static_works_CXX=yes
>>>>>>> 2fa62aafebf51d26a356f76671af17f85fb9da6c
lt_cv_prog_gnu_ld=yes
lt_cv_prog_gnu_ldcxx=yes
lt_cv_shlibpath_overrides_runpath=no
lt_cv_sys_global_symbol_pipe='sed -n -e '\''s/^.*[	 ]\([ABCDGIRSTW][ABCDGIRSTW]*\)[	 ][	 ]*\([_A-Za-z][_A-Za-z0-9]*\)$/\1 \2 \2/p'\'''
lt_cv_sys_global_symbol_to_c_name_address='sed -n -e '\''s/^: \([^ ]*\) $/  {\"\1\", (void *) 0},/p'\'' -e '\''s/^[ABCDGIRSTW]* \([^ ]*\) \([^ ]*\)$/  {"\2", (void *) \&\2},/p'\'''
lt_cv_sys_global_symbol_to_c_name_address_lib_prefix='sed -n -e '\''s/^: \([^ ]*\) $/  {\"\1\", (void *) 0},/p'\'' -e '\''s/^[ABCDGIRSTW]* \([^ ]*\) \(lib[^ ]*\)$/  {"\2", (void *) \&\2},/p'\'' -e '\''s/^[ABCDGIRSTW]* \([^ ]*\) \([^ ]*\)$/  {"lib\2", (void *) \&\2},/p'\'''
lt_cv_sys_global_symbol_to_cdecl='sed -n -e '\''s/^T .* \(.*\)$/extern int \1();/p'\'' -e '\''s/^[ABCDGIRSTW]* .* \(.*\)$/extern char \1;/p'\'''
<<<<<<< HEAD
lt_cv_sys_max_cmd_len=3458764513820540925
=======
lt_cv_sys_max_cmd_len=805306365
>>>>>>> 2fa62aafebf51d26a356f76671af17f85fb9da6c

## ----------------- ##
## Output variables. ##
## ----------------- ##

<<<<<<< HEAD
ACLOCAL='${SHELL} /home/work/spaceify/spaceify/squid/squid3-3.3.8.spaceify/lib/libTrie/cfgaux/missing --run aclocal-1.11'
AMDEPBACKSLASH=''
AMDEP_FALSE=''
AMDEP_TRUE='#'
AMTAR='${SHELL} /home/work/spaceify/spaceify/squid/squid3-3.3.8.spaceify/lib/libTrie/cfgaux/missing --run tar'
AR='ar'
AUTOCONF='${SHELL} /home/work/spaceify/spaceify/squid/squid3-3.3.8.spaceify/lib/libTrie/cfgaux/missing --run autoconf'
AUTOHEADER='${SHELL} /home/work/spaceify/spaceify/squid/squid3-3.3.8.spaceify/lib/libTrie/cfgaux/missing --run autoheader'
AUTOMAKE='${SHELL} /home/work/spaceify/spaceify/squid/squid3-3.3.8.spaceify/lib/libTrie/cfgaux/missing --run automake-1.11'
=======
ACLOCAL='${SHELL} /home/researcher/spaceify/squid/squid3-3.3.8.spaceify/lib/libTrie/cfgaux/missing --run aclocal-1.11'
AMDEPBACKSLASH=''
AMDEP_FALSE=''
AMDEP_TRUE='#'
AMTAR='${SHELL} /home/researcher/spaceify/squid/squid3-3.3.8.spaceify/lib/libTrie/cfgaux/missing --run tar'
AR='ar'
AUTOCONF='${SHELL} /home/researcher/spaceify/squid/squid3-3.3.8.spaceify/lib/libTrie/cfgaux/missing --run autoconf'
AUTOHEADER='${SHELL} /home/researcher/spaceify/squid/squid3-3.3.8.spaceify/lib/libTrie/cfgaux/missing --run autoheader'
AUTOMAKE='${SHELL} /home/researcher/spaceify/squid/squid3-3.3.8.spaceify/lib/libTrie/cfgaux/missing --run automake-1.11'
>>>>>>> 2fa62aafebf51d26a356f76671af17f85fb9da6c
AWK='gawk'
CC='gcc'
CCDEPMODE='depmode=none'
CFLAGS='-g -O2 -fPIE -fstack-protector --param=ssp-buffer-size=4 -Wformat -Werror=format-security -Wall'
CPP='gcc -E'
CPPFLAGS='-D_FORTIFY_SOURCE=2'
CXX='g++'
CXXCPP='g++ -E'
CXXDEPMODE='depmode=none'
CXXFLAGS='-g -O2 -fPIE -fstack-protector --param=ssp-buffer-size=4 -Wformat -Werror=format-security'
CYGPATH_W='echo'
DEFS='-DHAVE_CONFIG_H'
DEPDIR='.deps'
DSYMUTIL=''
DUMPBIN=''
ECHO_C=''
ECHO_N='-n'
ECHO_T=''
EGREP='/bin/grep -E'
EXEEXT=''
FGREP='/bin/grep -F'
GREP='/bin/grep'
INCLTDL='-I${top_srcdir}/libltdl'
INSTALL_DATA='${INSTALL} -m 644'
INSTALL_PROGRAM='${INSTALL}'
INSTALL_SCRIPT='${INSTALL}'
INSTALL_STRIP_PROGRAM='$(install_sh) -c -s'
<<<<<<< HEAD
LD='/usr/bin/ld -m elf_x86_64'
=======
LD='/usr/bin/ld'
>>>>>>> 2fa62aafebf51d26a356f76671af17f85fb9da6c
LDFLAGS='-Wl,-Bsymbolic-functions -fPIE -pie -Wl,-z,relro -Wl,-z,now'
LIBADD_DL='-ldl '
LIBADD_DLD_LINK=''
LIBADD_DLOPEN='-ldl'
LIBADD_SHL_LOAD=''
LIBLTDL='${top_build_prefix}libltdl/libltdlc.la'
LIBOBJS=''
LIBS='-ldl '
LIBTOOL='$(SHELL) $(top_builddir)/libtool'
LIPO=''
LN_S='ln -s'
LTDLDEPS='${top_build_prefix}libltdl/libltdlc.la'
LTDLINCL='-I${top_srcdir}/libltdl'
LTLIBOBJS=''
LT_DLLOADERS=' dlopen.la'
LT_DLPREOPEN='-dlpreopen dlopen.la '
MAINT='#'
MAINTAINER_MODE_FALSE=''
MAINTAINER_MODE_TRUE='#'
<<<<<<< HEAD
MAKEINFO='${SHELL} /home/work/spaceify/spaceify/squid/squid3-3.3.8.spaceify/lib/libTrie/cfgaux/missing --run makeinfo'
=======
MAKEINFO='${SHELL} /home/researcher/spaceify/squid/squid3-3.3.8.spaceify/lib/libTrie/cfgaux/missing --run makeinfo'
>>>>>>> 2fa62aafebf51d26a356f76671af17f85fb9da6c
MKDIR_P='/bin/mkdir -p'
NM='/usr/bin/nm -B'
NMEDIT=''
OBJDUMP='objdump'
OBJEXT='o'
OTOOL64=''
OTOOL=''
PACKAGE='libTrie'
PACKAGE_BUGREPORT='rbtcollins@squid-cache.org'
PACKAGE_NAME='libTrie'
PACKAGE_STRING='libTrie 0.1'
PACKAGE_TARNAME='libtrie'
PACKAGE_URL=''
PACKAGE_VERSION='0.1'
PATH_SEPARATOR=':'
RANLIB='ranlib'
SED='/bin/sed'
SET_MAKE=''
SHELL='/bin/bash'
STRIP='strip'
TRIE_CFLAGS='-Werror -Wall -Wpointer-arith -Wwrite-strings -Wmissing-prototypes -Wmissing-declarations -Wcomments'
TRIE_CXXFLAGS='-Werror -Wall -Wpointer-arith -Wwrite-strings -Wcomments'
VERSION='0.1'
ac_ct_CC='gcc'
ac_ct_CXX='g++'
ac_ct_DUMPBIN=''
am__EXEEXT_FALSE=''
am__EXEEXT_TRUE='#'
am__fastdepCC_FALSE=''
am__fastdepCC_TRUE='#'
am__fastdepCXX_FALSE=''
am__fastdepCXX_TRUE='#'
am__include='include'
am__isrc=''
am__leading_dot='.'
am__quote=''
am__tar='${AMTAR} chof - "$$tardir"'
am__untar='${AMTAR} xf -'
bindir='${exec_prefix}/bin'
<<<<<<< HEAD
build='x86_64-pc-linux-gnu'
build_alias='x86_64-linux-gnu'
build_cpu='x86_64'
=======
build='i686-pc-linux-gnu'
build_alias='i686-linux-gnu'
build_cpu='i686'
>>>>>>> 2fa62aafebf51d26a356f76671af17f85fb9da6c
build_os='linux-gnu'
build_vendor='pc'
datadir='/usr/share/squid3'
datarootdir='${prefix}/share'
docdir='${datarootdir}/doc/${PACKAGE_TARNAME}'
dvidir='${docdir}'
exec_prefix='${prefix}'
<<<<<<< HEAD
host='x86_64-pc-linux-gnu'
host_alias=''
host_cpu='x86_64'
=======
host='i686-pc-linux-gnu'
host_alias=''
host_cpu='i686'
>>>>>>> 2fa62aafebf51d26a356f76671af17f85fb9da6c
host_os='linux-gnu'
host_vendor='pc'
htmldir='${docdir}'
includedir='${prefix}/include'
infodir='${prefix}/share/info'
<<<<<<< HEAD
install_sh='${SHELL} /home/work/spaceify/spaceify/squid/squid3-3.3.8.spaceify/lib/libTrie/cfgaux/install-sh'
=======
install_sh='${SHELL} /home/researcher/spaceify/squid/squid3-3.3.8.spaceify/lib/libTrie/cfgaux/install-sh'
>>>>>>> 2fa62aafebf51d26a356f76671af17f85fb9da6c
libdir='${exec_prefix}/lib'
libexecdir='${prefix}/lib/squid3'
localedir='${datarootdir}/locale'
localstatedir='/var'
mandir='/usr/share/man'
mkdir_p='/bin/mkdir -p'
oldincludedir='/usr/include'
pdfdir='${docdir}'
prefix='/usr'
program_transform_name='s,x,x,'
psdir='${docdir}'
sbindir='${exec_prefix}/sbin'
sharedstatedir='${prefix}/com'
sysconfdir='/etc/squid3'
target_alias=''

## ----------- ##
## confdefs.h. ##
## ----------- ##

/* confdefs.h */
#define PACKAGE_NAME "libTrie"
#define PACKAGE_TARNAME "libtrie"
#define PACKAGE_VERSION "0.1"
#define PACKAGE_STRING "libTrie 0.1"
#define PACKAGE_BUGREPORT "rbtcollins@squid-cache.org"
#define PACKAGE_URL ""
#define _SQUID_INLINE_ inline
#define _USE_INLINE_ 1
#define PACKAGE "libTrie"
#define VERSION "0.1"
#define STDC_HEADERS 1
#define HAVE_SYS_TYPES_H 1
#define HAVE_SYS_STAT_H 1
#define HAVE_STDLIB_H 1
#define HAVE_STRING_H 1
#define HAVE_MEMORY_H 1
#define HAVE_STRINGS_H 1
#define HAVE_INTTYPES_H 1
#define HAVE_STDINT_H 1
#define HAVE_UNISTD_H 1
#define HAVE_DLFCN_H 1
#define LT_OBJDIR ".libs/"
#define HAVE_LIBDL 1
#define HAVE_DLERROR 1
#define HAVE_LIBDLLOADER 1
#define HAVE_IOSTREAM 1

configure: exit 0
