0 info it worked if it ends with ok
1 verbose cli [ '/usr/local/bin/node',
1 verbose cli   '/usr/local/bin/npm',
1 verbose cli   'install',
1 verbose cli   'zipper' ]
2 info using npm@1.4.28
3 info using node@v0.10.35
4 warn package.json spaceify-core@0.1.0 No repository field.
5 verbose readDependencies using package.json deps
6 verbose cache add [ 'zipper@0.3.0', null ]
7 verbose cache add name=undefined spec="zipper@0.3.0" args=["zipper@0.3.0",null]
8 verbose parsed url { protocol: null,
8 verbose parsed url   slashes: null,
8 verbose parsed url   auth: null,
8 verbose parsed url   host: null,
8 verbose parsed url   port: null,
8 verbose parsed url   hostname: null,
8 verbose parsed url   hash: null,
8 verbose parsed url   search: null,
8 verbose parsed url   query: null,
8 verbose parsed url   pathname: 'zipper@0.3.0',
8 verbose parsed url   path: 'zipper@0.3.0',
8 verbose parsed url   href: 'zipper@0.3.0' }
9 verbose cache add name="zipper" spec="0.3.0" args=["zipper","0.3.0"]
10 verbose parsed url { protocol: null,
10 verbose parsed url   slashes: null,
10 verbose parsed url   auth: null,
10 verbose parsed url   host: null,
10 verbose parsed url   port: null,
10 verbose parsed url   hostname: null,
10 verbose parsed url   hash: null,
10 verbose parsed url   search: null,
10 verbose parsed url   query: null,
10 verbose parsed url   pathname: '0.3.0',
10 verbose parsed url   path: '0.3.0',
10 verbose parsed url   href: '0.3.0' }
11 verbose addNamed [ 'zipper', '0.3.0' ]
12 verbose addNamed [ '0.3.0', '0.3.0' ]
13 silly lockFile fb4739d8-zipper-0-3-0 zipper@0.3.0
14 verbose lock zipper@0.3.0 /home/spaceify/.npm/fb4739d8-zipper-0-3-0.lock
15 verbose request where is /zipper
16 verbose request registry https://registry.npmjs.org/
17 verbose request id f96c79105aa2b633
18 verbose url raw /zipper
19 verbose url resolving [ 'https://registry.npmjs.org/', './zipper' ]
20 verbose url resolved https://registry.npmjs.org/zipper
21 verbose request where is https://registry.npmjs.org/zipper
22 info trying registry request attempt 1 at 11:01:43
23 http GET https://registry.npmjs.org/zipper
24 info retry will retry, error on last attempt: Error: connect ECONNREFUSED
25 info trying registry request attempt 2 at 11:01:53
26 http GET https://registry.npmjs.org/zipper
27 info retry will retry, error on last attempt: Error: connect ECONNREFUSED
28 info trying registry request attempt 3 at 11:02:53
29 http GET https://registry.npmjs.org/zipper
30 silly lockFile fb4739d8-zipper-0-3-0 zipper@0.3.0
31 silly lockFile fb4739d8-zipper-0-3-0 zipper@0.3.0
32 error Error: connect ECONNREFUSED
32 error     at errnoException (net.js:905:11)
32 error     at Object.afterConnect [as oncomplete] (net.js:896:19)
32 error  { [Error: connect ECONNREFUSED]
32 error   code: 'ECONNREFUSED',
32 error   errno: 'ECONNREFUSED',
32 error   syscall: 'connect',
32 error   parent: 'spaceify-core' }
33 error If you are behind a proxy, please make sure that the
33 error 'proxy' config is set properly.  See: 'npm help config'
34 error System Linux 3.13.0-32-generic
35 error command "/usr/local/bin/node" "/usr/local/bin/npm" "install" "zipper"
36 error cwd /var/lib/spaceify
37 error node -v v0.10.35
38 error npm -v 1.4.28
39 error syscall connect
40 error code ECONNREFUSED
41 error errno ECONNREFUSED
42 error stack Error: connect ECONNREFUSED
42 error stack     at errnoException (net.js:905:11)
42 error stack     at Object.afterConnect [as oncomplete] (net.js:896:19)
43 verbose exit [ 1, true ]
