This file contains any messages produced by compilers while
running configure, to aid debugging if configure makes a mistake.

It was created by eCAP Spaceify Injector configure 1.0.0, which was
generated by GNU Autoconf 2.69.  Invocation command line was

  $ ./configure --build=i686-linux-gnu --prefix=/usr --includedir=${prefix}/include --mandir=${prefix}/share/man --infodir=${prefix}/share/info --sysconfdir=/etc --localstatedir=/var --libexecdir=${prefix}/lib/ecap-spaceify-injector --disable-maintainer-mode --disable-dependency-tracking

## --------- ##
## Platform. ##
## --------- ##

hostname = mesh-26
uname -m = i686
uname -r = 3.11.0-26-generic
uname -s = Linux
uname -v = #45-Ubuntu SMP Tue Jul 15 04:04:15 UTC 2014

/usr/bin/uname -p = unknown
/bin/uname -X     = unknown

/bin/arch              = unknown
/usr/bin/arch -k       = unknown
/usr/convex/getsysinfo = unknown
/usr/bin/hostinfo      = unknown
/bin/machine           = unknown
/usr/bin/oslevel       = unknown
/bin/universe          = unknown

PATH: /usr/local/sbin
PATH: /usr/local/bin
PATH: /usr/sbin
PATH: /usr/bin
PATH: /sbin
PATH: /bin
PATH: /home/researcher/spaceify/go1.2/go/bin
PATH: /home/researcher/spaceify/go1.2


## ----------- ##
## Core tests. ##
## ----------- ##

configure:2327: checking for a BSD-compatible install
configure:2395: result: /usr/bin/install -c
configure:2406: checking whether build environment is sane
configure:2461: result: yes
configure:2499: WARNING: 'missing' script is too old or missing
configure:2612: checking for a thread-safe mkdir -p
configure:2651: result: /bin/mkdir -p
configure:2658: checking for gawk
configure:2674: found /usr/bin/gawk
configure:2685: result: gawk
configure:2696: checking whether make sets $(MAKE)
configure:2718: result: yes
configure:2747: checking whether make supports nested variables
configure:2764: result: yes
configure:2849: checking whether to enable maintainer-specific portions of Makefiles
configure:2858: result: no
configure:2901: checking build system type
configure:2915: result: i686-pc-linux-gnu
configure:2935: checking host system type
configure:2948: result: i686-pc-linux-gnu
configure:2989: checking how to print strings
configure:3016: result: printf
configure:3049: checking for style of include used by make
configure:3077: result: GNU
configure:3148: checking for gcc
configure:3164: found /usr/bin/gcc
configure:3175: result: gcc
configure:3404: checking for C compiler version
configure:3413: gcc --version >&5
gcc (Ubuntu/Linaro 4.8.1-10ubuntu9) 4.8.1
Copyright (C) 2013 Free Software Foundation, Inc.
This is free software; see the source for copying conditions.  There is NO
warranty; not even for MERCHANTABILITY or FITNESS FOR A PARTICULAR PURPOSE.

configure:3424: $? = 0
configure:3413: gcc -v >&5
Using built-in specs.
COLLECT_GCC=gcc
COLLECT_LTO_WRAPPER=/usr/lib/gcc/i686-linux-gnu/4.8/lto-wrapper
Target: i686-linux-gnu
Configured with: ../src/configure -v --with-pkgversion='Ubuntu/Linaro 4.8.1-10ubuntu9' --with-bugurl=file:///usr/share/doc/gcc-4.8/README.Bugs --enable-languages=c,c++,java,go,d,fortran,objc,obj-c++ --prefix=/usr --program-suffix=-4.8 --enable-shared --enable-linker-build-id --libexecdir=/usr/lib --without-included-gettext --enable-threads=posix --with-gxx-include-dir=/usr/include/c++/4.8 --libdir=/usr/lib --enable-nls --with-sysroot=/ --enable-clocale=gnu --enable-libstdcxx-debug --enable-libstdcxx-time=yes --enable-gnu-unique-object --enable-plugin --with-system-zlib --disable-browser-plugin --enable-java-awt=gtk --enable-gtk-cairo --with-java-home=/usr/lib/jvm/java-1.5.0-gcj-4.8-i386/jre --enable-java-home --with-jvm-root-dir=/usr/lib/jvm/java-1.5.0-gcj-4.8-i386 --with-jvm-jar-dir=/usr/lib/jvm-exports/java-1.5.0-gcj-4.8-i386 --with-arch-directory=i386 --with-ecj-jar=/usr/share/java/eclipse-ecj.jar --enable-objc-gc --enable-targets=all --enable-multiarch --disable-werror --with-arch-32=i686 --with-multilib-list=m32,m64,mx32 --with-tune=generic --enable-checking=release --build=i686-linux-gnu --host=i686-linux-gnu --target=i686-linux-gnu
Thread model: posix
gcc version 4.8.1 (Ubuntu/Linaro 4.8.1-10ubuntu9) 
configure:3424: $? = 0
configure:3413: gcc -V >&5
gcc: error: unrecognized command line option '-V'
gcc: fatal error: no input files
compilation terminated.
configure:3424: $? = 4
configure:3413: gcc -qversion >&5
gcc: error: unrecognized command line option '-qversion'
gcc: fatal error: no input files
compilation terminated.
configure:3424: $? = 4
configure:3444: checking whether the C compiler works
configure:3466: gcc    conftest.c  >&5
configure:3470: $? = 0
configure:3518: result: yes
configure:3521: checking for C compiler default output file name
configure:3523: result: a.out
configure:3529: checking for suffix of executables
configure:3536: gcc -o conftest    conftest.c  >&5
configure:3540: $? = 0
configure:3562: result: 
configure:3584: checking whether we are cross compiling
configure:3592: gcc -o conftest    conftest.c  >&5
configure:3596: $? = 0
configure:3603: ./conftest
configure:3607: $? = 0
configure:3622: result: no
configure:3627: checking for suffix of object files
configure:3649: gcc -c   conftest.c >&5
configure:3653: $? = 0
configure:3674: result: o
configure:3678: checking whether we are using the GNU C compiler
configure:3697: gcc -c   conftest.c >&5
configure:3697: $? = 0
configure:3706: result: yes
configure:3715: checking whether gcc accepts -g
configure:3735: gcc -c -g  conftest.c >&5
configure:3735: $? = 0
configure:3776: result: yes
configure:3793: checking for gcc option to accept ISO C89
configure:3856: gcc  -c -g -O2  conftest.c >&5
configure:3856: $? = 0
configure:3869: result: none needed
configure:3891: checking dependency style of gcc
configure:4002: result: none
configure:4017: checking for a sed that does not truncate output
configure:4081: result: /bin/sed
configure:4099: checking for grep that handles long lines and -e
configure:4157: result: /bin/grep
configure:4162: checking for egrep
configure:4224: result: /bin/grep -E
configure:4229: checking for fgrep
configure:4291: result: /bin/grep -F
configure:4326: checking for ld used by gcc
configure:4393: result: /usr/bin/ld
configure:4400: checking if the linker (/usr/bin/ld) is GNU ld
configure:4415: result: yes
configure:4427: checking for BSD- or MS-compatible name lister (nm)
configure:4476: result: /usr/bin/nm -B
configure:4606: checking the name lister (/usr/bin/nm -B) interface
configure:4613: gcc -c -g -O2  conftest.c >&5
configure:4616: /usr/bin/nm -B "conftest.o"
configure:4619: output
00000000 B some_variable
configure:4626: result: BSD nm
configure:4629: checking whether ln -s works
configure:4633: result: yes
configure:4641: checking the maximum length of command line arguments
configure:4772: result: 805306365
configure:4789: checking whether the shell understands some XSI constructs
configure:4799: result: yes
configure:4803: checking whether the shell understands "+="
configure:4809: result: yes
configure:4844: checking how to convert i686-pc-linux-gnu file names to i686-pc-linux-gnu format
configure:4884: result: func_convert_file_noop
configure:4891: checking how to convert i686-pc-linux-gnu file names to toolchain format
configure:4911: result: func_convert_file_noop
configure:4918: checking for /usr/bin/ld option to reload object files
configure:4925: result: -r
configure:4999: checking for objdump
configure:5015: found /usr/bin/objdump
configure:5026: result: objdump
configure:5058: checking how to recognize dependent libraries
configure:5256: result: pass_all
configure:5341: checking for dlltool
configure:5371: result: no
configure:5401: checking how to associate runtime and link libraries
configure:5428: result: printf %s\n
configure:5489: checking for ar
configure:5505: found /usr/bin/ar
configure:5516: result: ar
configure:5553: checking for archiver @FILE support
configure:5570: gcc -c -g -O2  conftest.c >&5
configure:5570: $? = 0
configure:5573: ar cru libconftest.a @conftest.lst >&5
configure:5576: $? = 0
configure:5581: ar cru libconftest.a @conftest.lst >&5
ar: conftest.o: No such file or directory
configure:5584: $? = 1
configure:5596: result: @
configure:5654: checking for strip
configure:5670: found /usr/bin/strip
configure:5681: result: strip
configure:5753: checking for ranlib
configure:5769: found /usr/bin/ranlib
configure:5780: result: ranlib
configure:5882: checking command to parse /usr/bin/nm -B output from gcc object
configure:6002: gcc -c -g -O2  conftest.c >&5
configure:6005: $? = 0
configure:6009: /usr/bin/nm -B conftest.o \| sed -n -e 's/^.*[ ]\([ABCDGIRSTW][ABCDGIRSTW]*\)[ ][ ]*\([_A-Za-z][_A-Za-z0-9]*\)$/\1 \2 \2/p' | sed '/ __gnu_lto/d' \> conftest.nm
configure:6012: $? = 0
configure:6078: gcc -o conftest -g -O2   conftest.c conftstm.o >&5
configure:6081: $? = 0
configure:6119: result: ok
configure:6156: checking for sysroot
configure:6186: result: no
configure:6449: checking for mt
configure:6465: found /bin/mt
configure:6476: result: mt
configure:6499: checking if mt is a manifest tool
configure:6505: mt '-?'
configure:6513: result: no
configure:7155: checking how to run the C preprocessor
configure:7186: gcc -E  conftest.c
configure:7186: $? = 0
configure:7200: gcc -E  conftest.c
conftest.c:11:28: fatal error: ac_nonexistent.h: No such file or directory
 #include <ac_nonexistent.h>
                            ^
compilation terminated.
configure:7200: $? = 1
configure: failed program was:
| /* confdefs.h */
| #define PACKAGE_NAME "eCAP Spaceify Injector"
| #define PACKAGE_TARNAME "ecap_spaceify_injector"
| #define PACKAGE_VERSION "1.0.0"
| #define PACKAGE_STRING "eCAP Spaceify Injector 1.0.0"
| #define PACKAGE_BUGREPORT ""
| #define PACKAGE_URL ""
| #define PACKAGE "ecap_spaceify_injector"
| #define VERSION "1.0.0"
| /* end confdefs.h.  */
| #include <ac_nonexistent.h>
configure:7225: result: gcc -E
configure:7245: gcc -E  conftest.c
configure:7245: $? = 0
configure:7259: gcc -E  conftest.c
conftest.c:11:28: fatal error: ac_nonexistent.h: No such file or directory
 #include <ac_nonexistent.h>
                            ^
compilation terminated.
configure:7259: $? = 1
configure: failed program was:
| /* confdefs.h */
| #define PACKAGE_NAME "eCAP Spaceify Injector"
| #define PACKAGE_TARNAME "ecap_spaceify_injector"
| #define PACKAGE_VERSION "1.0.0"
| #define PACKAGE_STRING "eCAP Spaceify Injector 1.0.0"
| #define PACKAGE_BUGREPORT ""
| #define PACKAGE_URL ""
| #define PACKAGE "ecap_spaceify_injector"
| #define VERSION "1.0.0"
| /* end confdefs.h.  */
| #include <ac_nonexistent.h>
configure:7288: checking for ANSI C header files
configure:7308: gcc -c -g -O2  conftest.c >&5
configure:7308: $? = 0
configure:7381: gcc -o conftest -g -O2   conftest.c  >&5
configure:7381: $? = 0
configure:7381: ./conftest
configure:7381: $? = 0
configure:7392: result: yes
configure:7405: checking for sys/types.h
configure:7405: gcc -c -g -O2  conftest.c >&5
configure:7405: $? = 0
configure:7405: result: yes
configure:7405: checking for sys/stat.h
configure:7405: gcc -c -g -O2  conftest.c >&5
configure:7405: $? = 0
configure:7405: result: yes
configure:7405: checking for stdlib.h
configure:7405: gcc -c -g -O2  conftest.c >&5
configure:7405: $? = 0
configure:7405: result: yes
configure:7405: checking for string.h
configure:7405: gcc -c -g -O2  conftest.c >&5
configure:7405: $? = 0
configure:7405: result: yes
configure:7405: checking for memory.h
configure:7405: gcc -c -g -O2  conftest.c >&5
configure:7405: $? = 0
configure:7405: result: yes
configure:7405: checking for strings.h
configure:7405: gcc -c -g -O2  conftest.c >&5
configure:7405: $? = 0
configure:7405: result: yes
configure:7405: checking for inttypes.h
configure:7405: gcc -c -g -O2  conftest.c >&5
configure:7405: $? = 0
configure:7405: result: yes
configure:7405: checking for stdint.h
configure:7405: gcc -c -g -O2  conftest.c >&5
configure:7405: $? = 0
configure:7405: result: yes
configure:7405: checking for unistd.h
configure:7405: gcc -c -g -O2  conftest.c >&5
configure:7405: $? = 0
configure:7405: result: yes
configure:7419: checking for dlfcn.h
configure:7419: gcc -c -g -O2  conftest.c >&5
configure:7419: $? = 0
configure:7419: result: yes
configure:7625: checking for objdir
configure:7640: result: .libs
configure:7911: checking if gcc supports -fno-rtti -fno-exceptions
configure:7929: gcc -c -g -O2  -fno-rtti -fno-exceptions conftest.c >&5
cc1: warning: command line option '-fno-rtti' is valid for C++/ObjC++ but not for C [enabled by default]
configure:7933: $? = 0
configure:7946: result: no
configure:8273: checking for gcc option to produce PIC
configure:8280: result: -fPIC -DPIC
configure:8288: checking if gcc PIC flag -fPIC -DPIC works
configure:8306: gcc -c -g -O2  -fPIC -DPIC -DPIC conftest.c >&5
configure:8310: $? = 0
configure:8323: result: yes
configure:8352: checking if gcc static flag -static works
configure:8380: result: yes
configure:8395: checking if gcc supports -c -o file.o
configure:8416: gcc -c -g -O2  -o out/conftest2.o conftest.c >&5
configure:8420: $? = 0
configure:8442: result: yes
configure:8450: checking if gcc supports -c -o file.o
configure:8497: result: yes
configure:8530: checking whether the gcc linker (/usr/bin/ld) supports shared libraries
configure:9687: result: yes
configure:9724: checking whether -lc should be explicitly linked in
configure:9732: gcc -c -g -O2  conftest.c >&5
configure:9735: $? = 0
configure:9750: gcc -shared  -fPIC -DPIC conftest.o  -v -Wl,-soname -Wl,conftest -o conftest 2\>\&1 \| /bin/grep  -lc  \>/dev/null 2\>\&1
configure:9753: $? = 0
configure:9767: result: no
configure:9927: checking dynamic linker characteristics
configure:10427: gcc -o conftest -g -O2   -Wl,-rpath -Wl,/foo conftest.c  >&5
configure:10427: $? = 0
configure:10661: result: GNU/Linux ld.so
configure:10768: checking how to hardcode library paths into programs
configure:10793: result: immediate
configure:11333: checking whether stripping libraries is possible
configure:11338: result: yes
configure:11373: checking if libtool supports shared libraries
configure:11375: result: yes
configure:11378: checking whether to build shared libraries
configure:11399: result: yes
configure:11402: checking whether to build static libraries
configure:11406: result: yes
configure:11496: checking for ranlib
configure:11523: result: ranlib
configure:11547: checking for ar
configure:11565: found /usr/bin/ar
configure:11578: result: /usr/bin/ar
configure:11603: checking whether make sets $(MAKE)
configure:11625: result: yes
configure:11704: checking for g++
configure:11720: found /usr/bin/g++
configure:11731: result: g++
configure:11758: checking for C++ compiler version
configure:11767: g++ --version >&5
g++ (Ubuntu/Linaro 4.8.1-10ubuntu9) 4.8.1
Copyright (C) 2013 Free Software Foundation, Inc.
This is free software; see the source for copying conditions.  There is NO
warranty; not even for MERCHANTABILITY or FITNESS FOR A PARTICULAR PURPOSE.

configure:11778: $? = 0
configure:11767: g++ -v >&5
Using built-in specs.
COLLECT_GCC=g++
COLLECT_LTO_WRAPPER=/usr/lib/gcc/i686-linux-gnu/4.8/lto-wrapper
Target: i686-linux-gnu
Configured with: ../src/configure -v --with-pkgversion='Ubuntu/Linaro 4.8.1-10ubuntu9' --with-bugurl=file:///usr/share/doc/gcc-4.8/README.Bugs --enable-languages=c,c++,java,go,d,fortran,objc,obj-c++ --prefix=/usr --program-suffix=-4.8 --enable-shared --enable-linker-build-id --libexecdir=/usr/lib --without-included-gettext --enable-threads=posix --with-gxx-include-dir=/usr/include/c++/4.8 --libdir=/usr/lib --enable-nls --with-sysroot=/ --enable-clocale=gnu --enable-libstdcxx-debug --enable-libstdcxx-time=yes --enable-gnu-unique-object --enable-plugin --with-system-zlib --disable-browser-plugin --enable-java-awt=gtk --enable-gtk-cairo --with-java-home=/usr/lib/jvm/java-1.5.0-gcj-4.8-i386/jre --enable-java-home --with-jvm-root-dir=/usr/lib/jvm/java-1.5.0-gcj-4.8-i386 --with-jvm-jar-dir=/usr/lib/jvm-exports/java-1.5.0-gcj-4.8-i386 --with-arch-directory=i386 --with-ecj-jar=/usr/share/java/eclipse-ecj.jar --enable-objc-gc --enable-targets=all --enable-multiarch --disable-werror --with-arch-32=i686 --with-multilib-list=m32,m64,mx32 --with-tune=generic --enable-checking=release --build=i686-linux-gnu --host=i686-linux-gnu --target=i686-linux-gnu
Thread model: posix
gcc version 4.8.1 (Ubuntu/Linaro 4.8.1-10ubuntu9) 
configure:11778: $? = 0
configure:11767: g++ -V >&5
g++: error: unrecognized command line option '-V'
g++: fatal error: no input files
compilation terminated.
configure:11778: $? = 4
configure:11767: g++ -qversion >&5
g++: error: unrecognized command line option '-qversion'
g++: fatal error: no input files
compilation terminated.
configure:11778: $? = 4
configure:11782: checking whether we are using the GNU C++ compiler
configure:11801: g++ -c   conftest.cpp >&5
configure:11801: $? = 0
configure:11810: result: yes
configure:11819: checking whether g++ accepts -g
configure:11839: g++ -c -g  conftest.cpp >&5
configure:11839: $? = 0
configure:11880: result: yes
configure:11905: checking dependency style of g++
configure:12016: result: none
configure:12049: checking how to run the C++ preprocessor
configure:12076: g++ -E  conftest.cpp
configure:12076: $? = 0
configure:12090: g++ -E  conftest.cpp
conftest.cpp:25:28: fatal error: ac_nonexistent.h: No such file or directory
 #include <ac_nonexistent.h>
                            ^
compilation terminated.
configure:12090: $? = 1
configure: failed program was:
| /* confdefs.h */
| #define PACKAGE_NAME "eCAP Spaceify Injector"
| #define PACKAGE_TARNAME "ecap_spaceify_injector"
| #define PACKAGE_VERSION "1.0.0"
| #define PACKAGE_STRING "eCAP Spaceify Injector 1.0.0"
| #define PACKAGE_BUGREPORT ""
| #define PACKAGE_URL ""
| #define PACKAGE "ecap_spaceify_injector"
| #define VERSION "1.0.0"
| #define STDC_HEADERS 1
| #define HAVE_SYS_TYPES_H 1
| #define HAVE_SYS_STAT_H 1
| #define HAVE_STDLIB_H 1
| #define HAVE_STRING_H 1
| #define HAVE_MEMORY_H 1
| #define HAVE_STRINGS_H 1
| #define HAVE_INTTYPES_H 1
| #define HAVE_STDINT_H 1
| #define HAVE_UNISTD_H 1
| #define HAVE_DLFCN_H 1
| #define LT_OBJDIR ".libs/"
| #define CONFIG_HOST_TYPE "i686-pc-linux-gnu"
| #define INSTALL_PREFIX "/usr"
| /* end confdefs.h.  */
| #include <ac_nonexistent.h>
configure:12115: result: g++ -E
configure:12135: g++ -E  conftest.cpp
configure:12135: $? = 0
configure:12149: g++ -E  conftest.cpp
conftest.cpp:25:28: fatal error: ac_nonexistent.h: No such file or directory
 #include <ac_nonexistent.h>
                            ^
compilation terminated.
configure:12149: $? = 1
configure: failed program was:
| /* confdefs.h */
| #define PACKAGE_NAME "eCAP Spaceify Injector"
| #define PACKAGE_TARNAME "ecap_spaceify_injector"
| #define PACKAGE_VERSION "1.0.0"
| #define PACKAGE_STRING "eCAP Spaceify Injector 1.0.0"
| #define PACKAGE_BUGREPORT ""
| #define PACKAGE_URL ""
| #define PACKAGE "ecap_spaceify_injector"
| #define VERSION "1.0.0"
| #define STDC_HEADERS 1
| #define HAVE_SYS_TYPES_H 1
| #define HAVE_SYS_STAT_H 1
| #define HAVE_STDLIB_H 1
| #define HAVE_STRING_H 1
| #define HAVE_MEMORY_H 1
| #define HAVE_STRINGS_H 1
| #define HAVE_INTTYPES_H 1
| #define HAVE_STDINT_H 1
| #define HAVE_UNISTD_H 1
| #define HAVE_DLFCN_H 1
| #define LT_OBJDIR ".libs/"
| #define CONFIG_HOST_TYPE "i686-pc-linux-gnu"
| #define INSTALL_PREFIX "/usr"
| /* end confdefs.h.  */
| #include <ac_nonexistent.h>
configure:12318: checking for ld used by g++
configure:12385: result: /usr/bin/ld
configure:12392: checking if the linker (/usr/bin/ld) is GNU ld
configure:12407: result: yes
configure:12462: checking whether the g++ linker (/usr/bin/ld) supports shared libraries
configure:13464: result: yes
configure:13500: g++ -c -g -O2  conftest.cpp >&5
configure:13503: $? = 0
configure:14023: checking for g++ option to produce PIC
configure:14030: result: -fPIC -DPIC
configure:14038: checking if g++ PIC flag -fPIC -DPIC works
configure:14056: g++ -c -g -O2  -fPIC -DPIC -DPIC conftest.cpp >&5
configure:14060: $? = 0
configure:14073: result: yes
configure:14096: checking if g++ static flag -static works
configure:14124: result: yes
configure:14136: checking if g++ supports -c -o file.o
configure:14157: g++ -c -g -O2  -o out/conftest2.o conftest.cpp >&5
configure:14161: $? = 0
configure:14183: result: yes
configure:14188: checking if g++ supports -c -o file.o
configure:14235: result: yes
configure:14265: checking whether the g++ linker (/usr/bin/ld) supports shared libraries
configure:14304: result: yes
configure:14445: checking dynamic linker characteristics
configure:15113: result: GNU/Linux ld.so
configure:15166: checking how to hardcode library paths into programs
configure:15191: result: immediate
configure:15249: checking whether the C++ compiler (g++) is a C++ compiler
configure:15285: g++ -c -g -O2  conftest.cc >&5
configure:15285: $? = 0
configure:15287: result: yes
configure:15332: checking whether custom g++ flags work
configure:15348: g++ -c -g -O1 -Wall -Wwrite-strings -Woverloaded-virtual -pipe  conftest.cc >&5
configure:15348: $? = 0
configure:15350: result: probably
configure:15480: checking for C++ compiler version
configure:15489: g++ --version >&5
g++ (Ubuntu/Linaro 4.8.1-10ubuntu9) 4.8.1
Copyright (C) 2013 Free Software Foundation, Inc.
This is free software; see the source for copying conditions.  There is NO
warranty; not even for MERCHANTABILITY or FITNESS FOR A PARTICULAR PURPOSE.

configure:15500: $? = 0
configure:15489: g++ -v >&5
Using built-in specs.
COLLECT_GCC=g++
COLLECT_LTO_WRAPPER=/usr/lib/gcc/i686-linux-gnu/4.8/lto-wrapper
Target: i686-linux-gnu
Configured with: ../src/configure -v --with-pkgversion='Ubuntu/Linaro 4.8.1-10ubuntu9' --with-bugurl=file:///usr/share/doc/gcc-4.8/README.Bugs --enable-languages=c,c++,java,go,d,fortran,objc,obj-c++ --prefix=/usr --program-suffix=-4.8 --enable-shared --enable-linker-build-id --libexecdir=/usr/lib --without-included-gettext --enable-threads=posix --with-gxx-include-dir=/usr/include/c++/4.8 --libdir=/usr/lib --enable-nls --with-sysroot=/ --enable-clocale=gnu --enable-libstdcxx-debug --enable-libstdcxx-time=yes --enable-gnu-unique-object --enable-plugin --with-system-zlib --disable-browser-plugin --enable-java-awt=gtk --enable-gtk-cairo --with-java-home=/usr/lib/jvm/java-1.5.0-gcj-4.8-i386/jre --enable-java-home --with-jvm-root-dir=/usr/lib/jvm/java-1.5.0-gcj-4.8-i386 --with-jvm-jar-dir=/usr/lib/jvm-exports/java-1.5.0-gcj-4.8-i386 --with-arch-directory=i386 --with-ecj-jar=/usr/share/java/eclipse-ecj.jar --enable-objc-gc --enable-targets=all --enable-multiarch --disable-werror --with-arch-32=i686 --with-multilib-list=m32,m64,mx32 --with-tune=generic --enable-checking=release --build=i686-linux-gnu --host=i686-linux-gnu --target=i686-linux-gnu
Thread model: posix
gcc version 4.8.1 (Ubuntu/Linaro 4.8.1-10ubuntu9) 
configure:15500: $? = 0
configure:15489: g++ -V >&5
g++: error: unrecognized command line option '-V'
g++: fatal error: no input files
compilation terminated.
configure:15500: $? = 4
configure:15489: g++ -qversion >&5
g++: error: unrecognized command line option '-qversion'
g++: fatal error: no input files
compilation terminated.
configure:15500: $? = 4
configure:15504: checking whether we are using the GNU C++ compiler
configure:15532: result: yes
configure:15541: checking whether g++ accepts -g
configure:15602: result: yes
configure:15627: checking dependency style of g++
configure:15738: result: none
configure:15801: checking for gcc
configure:15828: result: gcc
configure:16057: checking for C compiler version
configure:16066: gcc --version >&5
gcc (Ubuntu/Linaro 4.8.1-10ubuntu9) 4.8.1
Copyright (C) 2013 Free Software Foundation, Inc.
This is free software; see the source for copying conditions.  There is NO
warranty; not even for MERCHANTABILITY or FITNESS FOR A PARTICULAR PURPOSE.

configure:16077: $? = 0
configure:16066: gcc -v >&5
Using built-in specs.
COLLECT_GCC=gcc
COLLECT_LTO_WRAPPER=/usr/lib/gcc/i686-linux-gnu/4.8/lto-wrapper
Target: i686-linux-gnu
Configured with: ../src/configure -v --with-pkgversion='Ubuntu/Linaro 4.8.1-10ubuntu9' --with-bugurl=file:///usr/share/doc/gcc-4.8/README.Bugs --enable-languages=c,c++,java,go,d,fortran,objc,obj-c++ --prefix=/usr --program-suffix=-4.8 --enable-shared --enable-linker-build-id --libexecdir=/usr/lib --without-included-gettext --enable-threads=posix --with-gxx-include-dir=/usr/include/c++/4.8 --libdir=/usr/lib --enable-nls --with-sysroot=/ --enable-clocale=gnu --enable-libstdcxx-debug --enable-libstdcxx-time=yes --enable-gnu-unique-object --enable-plugin --with-system-zlib --disable-browser-plugin --enable-java-awt=gtk --enable-gtk-cairo --with-java-home=/usr/lib/jvm/java-1.5.0-gcj-4.8-i386/jre --enable-java-home --with-jvm-root-dir=/usr/lib/jvm/java-1.5.0-gcj-4.8-i386 --with-jvm-jar-dir=/usr/lib/jvm-exports/java-1.5.0-gcj-4.8-i386 --with-arch-directory=i386 --with-ecj-jar=/usr/share/java/eclipse-ecj.jar --enable-objc-gc --enable-targets=all --enable-multiarch --disable-werror --with-arch-32=i686 --with-multilib-list=m32,m64,mx32 --with-tune=generic --enable-checking=release --build=i686-linux-gnu --host=i686-linux-gnu --target=i686-linux-gnu
Thread model: posix
gcc version 4.8.1 (Ubuntu/Linaro 4.8.1-10ubuntu9) 
configure:16077: $? = 0
configure:16066: gcc -V >&5
gcc: error: unrecognized command line option '-V'
gcc: fatal error: no input files
compilation terminated.
configure:16077: $? = 4
configure:16066: gcc -qversion >&5
gcc: error: unrecognized command line option '-qversion'
gcc: fatal error: no input files
compilation terminated.
configure:16077: $? = 4
configure:16081: checking whether we are using the GNU C compiler
configure:16109: result: yes
configure:16118: checking whether gcc accepts -g
configure:16179: result: yes
configure:16196: checking for gcc option to accept ISO C89
configure:16272: result: none needed
configure:16294: checking dependency style of gcc
configure:16405: result: none
configure:16425: checking how to run the C preprocessor
configure:16495: result: gcc -E
configure:16515: gcc -E  conftest.c
configure:16515: $? = 0
configure:16529: gcc -E  conftest.c
conftest.c:25:28: fatal error: ac_nonexistent.h: No such file or directory
 #include <ac_nonexistent.h>
                            ^
compilation terminated.
configure:16529: $? = 1
configure: failed program was:
| /* confdefs.h */
| #define PACKAGE_NAME "eCAP Spaceify Injector"
| #define PACKAGE_TARNAME "ecap_spaceify_injector"
| #define PACKAGE_VERSION "1.0.0"
| #define PACKAGE_STRING "eCAP Spaceify Injector 1.0.0"
| #define PACKAGE_BUGREPORT ""
| #define PACKAGE_URL ""
| #define PACKAGE "ecap_spaceify_injector"
| #define VERSION "1.0.0"
| #define STDC_HEADERS 1
| #define HAVE_SYS_TYPES_H 1
| #define HAVE_SYS_STAT_H 1
| #define HAVE_STDLIB_H 1
| #define HAVE_STRING_H 1
| #define HAVE_MEMORY_H 1
| #define HAVE_STRINGS_H 1
| #define HAVE_INTTYPES_H 1
| #define HAVE_STDINT_H 1
| #define HAVE_UNISTD_H 1
| #define HAVE_DLFCN_H 1
| #define LT_OBJDIR ".libs/"
| #define CONFIG_HOST_TYPE "i686-pc-linux-gnu"
| #define INSTALL_PREFIX "/usr"
| /* end confdefs.h.  */
| #include <ac_nonexistent.h>
configure:16558: checking whether ln -s works
configure:16562: result: yes
configure:16569: checking whether make sets $(MAKE)
configure:16591: result: yes
configure:16658: checking for pkg-config
configure:16676: found /usr/bin/pkg-config
configure:16688: result: /usr/bin/pkg-config
configure:16713: checking pkg-config is at least version 0.9.0
configure:16716: result: yes
configure:16726: checking for libecap
configure:16733: $PKG_CONFIG --exists --print-errors "libecap > 0.2 libecap < 0.3"
configure:16736: $? = 0
configure:16750: $PKG_CONFIG --exists --print-errors "libecap > 0.2 libecap < 0.3"
configure:16753: $? = 0
configure:16811: result: yes
configure:16933: checking that generated files are newer than configure
configure:16939: result: done
configure:16978: creating ./config.status

## ---------------------- ##
## Running config.status. ##
## ---------------------- ##

This file was extended by eCAP Spaceify Injector config.status 1.0.0, which was
generated by GNU Autoconf 2.69.  Invocation command line was

  CONFIG_FILES    = 
  CONFIG_HEADERS  = 
  CONFIG_LINKS    = 
  CONFIG_COMMANDS = 
  $ ./config.status 

on mesh-26

config.status:1156: creating Makefile
config.status:1156: creating src/Makefile
config.status:1156: creating src/autoconf.h
config.status:1385: executing depfiles commands
config.status:1385: executing libtool commands

## ---------------- ##
## Cache variables. ##
## ---------------- ##

ac_cv_build=i686-pc-linux-gnu
ac_cv_c_compiler_gnu=yes
ac_cv_cxx_compiler_gnu=yes
ac_cv_env_CCC_set=
ac_cv_env_CCC_value=
ac_cv_env_CC_set=
ac_cv_env_CC_value=
ac_cv_env_CFLAGS_set=
ac_cv_env_CFLAGS_value=
ac_cv_env_CPPFLAGS_set=
ac_cv_env_CPPFLAGS_value=
ac_cv_env_CPP_set=
ac_cv_env_CPP_value=
ac_cv_env_CXXCPP_set=
ac_cv_env_CXXCPP_value=
ac_cv_env_CXXFLAGS_set=
ac_cv_env_CXXFLAGS_value=
ac_cv_env_CXX_set=
ac_cv_env_CXX_value=
ac_cv_env_LDFLAGS_set=
ac_cv_env_LDFLAGS_value=
ac_cv_env_LIBS_set=
ac_cv_env_LIBS_value=
ac_cv_env_PKG_CONFIG_LIBDIR_set=
ac_cv_env_PKG_CONFIG_LIBDIR_value=
ac_cv_env_PKG_CONFIG_PATH_set=
ac_cv_env_PKG_CONFIG_PATH_value=
ac_cv_env_PKG_CONFIG_set=
ac_cv_env_PKG_CONFIG_value=
ac_cv_env_build_alias_set=set
ac_cv_env_build_alias_value=i686-linux-gnu
ac_cv_env_host_alias_set=
ac_cv_env_host_alias_value=
ac_cv_env_libecap_CFLAGS_set=
ac_cv_env_libecap_CFLAGS_value=
ac_cv_env_libecap_LIBS_set=
ac_cv_env_libecap_LIBS_value=
ac_cv_env_target_alias_set=
ac_cv_env_target_alias_value=
ac_cv_header_dlfcn_h=yes
ac_cv_header_inttypes_h=yes
ac_cv_header_memory_h=yes
ac_cv_header_stdc=yes
ac_cv_header_stdint_h=yes
ac_cv_header_stdlib_h=yes
ac_cv_header_string_h=yes
ac_cv_header_strings_h=yes
ac_cv_header_sys_stat_h=yes
ac_cv_header_sys_types_h=yes
ac_cv_header_unistd_h=yes
ac_cv_host=i686-pc-linux-gnu
ac_cv_objext=o
ac_cv_path_AR=/usr/bin/ar
ac_cv_path_EGREP='/bin/grep -E'
ac_cv_path_FGREP='/bin/grep -F'
ac_cv_path_GREP=/bin/grep
ac_cv_path_SED=/bin/sed
ac_cv_path_ac_pt_PKG_CONFIG=/usr/bin/pkg-config
ac_cv_path_install='/usr/bin/install -c'
ac_cv_path_mkdir=/bin/mkdir
ac_cv_prog_AWK=gawk
ac_cv_prog_CPP='gcc -E'
ac_cv_prog_CXXCPP='g++ -E'
ac_cv_prog_ac_ct_AR=ar
ac_cv_prog_ac_ct_CC=gcc
ac_cv_prog_ac_ct_CXX=g++
ac_cv_prog_ac_ct_MANIFEST_TOOL=mt
ac_cv_prog_ac_ct_OBJDUMP=objdump
ac_cv_prog_ac_ct_RANLIB=ranlib
ac_cv_prog_ac_ct_STRIP=strip
ac_cv_prog_cc_c89=
ac_cv_prog_cc_g=yes
ac_cv_prog_cxx_g=yes
ac_cv_prog_make_make_set=yes
am_cv_CC_dependencies_compiler_type=none
am_cv_CXX_dependencies_compiler_type=none
am_cv_make_support_nested_variables=yes
lt_cv_ar_at_file=@
lt_cv_archive_cmds_need_lc=no
lt_cv_deplibs_check_method=pass_all
lt_cv_file_magic_cmd='$MAGIC_CMD'
lt_cv_file_magic_test_file=
lt_cv_ld_reload_flag=-r
lt_cv_nm_interface='BSD nm'
lt_cv_objdir=.libs
lt_cv_path_LD=/usr/bin/ld
lt_cv_path_LDCXX=/usr/bin/ld
lt_cv_path_NM='/usr/bin/nm -B'
lt_cv_path_mainfest_tool=no
lt_cv_prog_compiler_c_o=yes
lt_cv_prog_compiler_c_o_CXX=yes
lt_cv_prog_compiler_pic='-fPIC -DPIC'
lt_cv_prog_compiler_pic_CXX='-fPIC -DPIC'
lt_cv_prog_compiler_pic_works=yes
lt_cv_prog_compiler_pic_works_CXX=yes
lt_cv_prog_compiler_rtti_exceptions=no
lt_cv_prog_compiler_static_works=yes
lt_cv_prog_compiler_static_works_CXX=yes
lt_cv_prog_gnu_ld=yes
lt_cv_prog_gnu_ldcxx=yes
lt_cv_sharedlib_from_linklib_cmd='printf %s\n'
lt_cv_shlibpath_overrides_runpath=no
lt_cv_sys_global_symbol_pipe='sed -n -e '\''s/^.*[	 ]\([ABCDGIRSTW][ABCDGIRSTW]*\)[	 ][	 ]*\([_A-Za-z][_A-Za-z0-9]*\)$/\1 \2 \2/p'\'' | sed '\''/ __gnu_lto/d'\'''
lt_cv_sys_global_symbol_to_c_name_address='sed -n -e '\''s/^: \([^ ]*\)[ ]*$/  {\"\1\", (void *) 0},/p'\'' -e '\''s/^[ABCDGIRSTW]* \([^ ]*\) \([^ ]*\)$/  {"\2", (void *) \&\2},/p'\'''
lt_cv_sys_global_symbol_to_c_name_address_lib_prefix='sed -n -e '\''s/^: \([^ ]*\)[ ]*$/  {\"\1\", (void *) 0},/p'\'' -e '\''s/^[ABCDGIRSTW]* \([^ ]*\) \(lib[^ ]*\)$/  {"\2", (void *) \&\2},/p'\'' -e '\''s/^[ABCDGIRSTW]* \([^ ]*\) \([^ ]*\)$/  {"lib\2", (void *) \&\2},/p'\'''
lt_cv_sys_global_symbol_to_cdecl='sed -n -e '\''s/^T .* \(.*\)$/extern int \1();/p'\'' -e '\''s/^[ABCDGIRSTW]* .* \(.*\)$/extern char \1;/p'\'''
lt_cv_sys_max_cmd_len=805306365
lt_cv_to_host_file_cmd=func_convert_file_noop
lt_cv_to_tool_file_cmd=func_convert_file_noop
pkg_cv_libecap_CFLAGS='-I/usr/local/include  '
pkg_cv_libecap_LIBS='-L/usr/local/lib -lecap  '

## ----------------- ##
## Output variables. ##
## ----------------- ##

ACLOCAL='aclocal-1.13'
AMDEPBACKSLASH=''
AMDEP_FALSE=''
AMDEP_TRUE='#'
AMTAR='$${TAR-tar}'
AM_BACKSLASH='\'
AM_DEFAULT_V='$(AM_DEFAULT_VERBOSITY)'
AM_DEFAULT_VERBOSITY='1'
AM_V='$(V)'
AR='/usr/bin/ar'
AR_R='/usr/bin/ar r'
AUTOCONF='autoconf'
AUTOHEADER='autoheader'
AUTOMAKE='automake-1.13'
AWK='gawk'
CC='gcc'
CCDEPMODE='depmode=none'
CFLAGS='-g -O2'
CPP='gcc -E'
CPPFLAGS=''
CXX='g++'
CXXCPP='g++ -E'
CXXDEPMODE='depmode=none'
CXXFLAGS='-g -O1 -Wall -Wwrite-strings -Woverloaded-virtual -pipe'
CYGPATH_W='echo'
DEFS='-DHAVE_CONFIG_H'
DEPDIR='.deps'
DLLTOOL='false'
DSYMUTIL=''
DUMPBIN=''
ECHO_C=''
ECHO_N='-n'
ECHO_T=''
EGREP='/bin/grep -E'
EXEEXT=''
FGREP='/bin/grep -F'
GREP='/bin/grep'
INSTALL_DATA='${INSTALL} -m 644'
INSTALL_PROGRAM='${INSTALL}'
INSTALL_SCRIPT='${INSTALL}'
INSTALL_STRIP_PROGRAM='$(install_sh) -c -s'
LD='/usr/bin/ld'
LDFLAGS=''
LIBOBJS=''
LIBS=''
LIBTOOL='$(SHELL) $(top_builddir)/libtool'
LIPO=''
LN_S='ln -s'
LTLIBOBJS=''
MAINT='#'
MAINTAINER_MODE_FALSE=''
MAINTAINER_MODE_TRUE='#'
MAKEINFO='makeinfo'
MANIFEST_TOOL=':'
MKDIR_P='/bin/mkdir -p'
NM='/usr/bin/nm -B'
NMEDIT=''
OBJDUMP='objdump'
OBJEXT='o'
OTOOL64=''
OTOOL=''
PACKAGE='ecap_spaceify_injector'
PACKAGE_BUGREPORT=''
PACKAGE_NAME='eCAP Spaceify Injector'
PACKAGE_STRING='eCAP Spaceify Injector 1.0.0'
PACKAGE_TARNAME='ecap_spaceify_injector'
PACKAGE_URL=''
PACKAGE_VERSION='1.0.0'
PATH_SEPARATOR=':'
PKG_CONFIG='/usr/bin/pkg-config'
PKG_CONFIG_LIBDIR=''
PKG_CONFIG_PATH=''
RANLIB='ranlib'
SED='/bin/sed'
SET_MAKE=''
SHELL='/bin/bash'
STRIP='strip'
VERSION='1.0.0'
ac_ct_AR='ar'
ac_ct_CC='gcc'
ac_ct_CXX='g++'
ac_ct_DUMPBIN=''
am__EXEEXT_FALSE=''
am__EXEEXT_TRUE='#'
am__fastdepCC_FALSE=''
am__fastdepCC_TRUE='#'
am__fastdepCXX_FALSE=''
am__fastdepCXX_TRUE='#'
am__include='include'
am__isrc=''
am__leading_dot='.'
am__nodep=''
am__quote=''
am__tar='$${TAR-tar} chof - "$$tardir"'
am__untar='$${TAR-tar} xf -'
bindir='${exec_prefix}/bin'
build='i686-pc-linux-gnu'
build_alias='i686-linux-gnu'
build_cpu='i686'
build_os='linux-gnu'
build_vendor='pc'
datadir='${datarootdir}'
datarootdir='${prefix}/share'
docdir='${datarootdir}/doc/${PACKAGE_TARNAME}'
dvidir='${docdir}'
exec_prefix='${prefix}'
host='i686-pc-linux-gnu'
host_alias=''
host_cpu='i686'
host_os='linux-gnu'
host_vendor='pc'
htmldir='${docdir}'
includedir='${prefix}/include'
infodir='${prefix}/share/info'
install_sh='${SHELL} /home/researcher/spaceify/ecap_spaceify_injector/ecap-spaceify-injector-1.1.0/cfgaux/install-sh'
libdir='${exec_prefix}/lib'
libecap_CFLAGS='-I/usr/local/include  '
libecap_LIBS='-L/usr/local/lib -lecap  '
libexecdir='${prefix}/lib/ecap-spaceify-injector'
localedir='${datarootdir}/locale'
localstatedir='/var'
mandir='${prefix}/share/man'
mkdir_p='$(MKDIR_P)'
oldincludedir='/usr/include'
pdfdir='${docdir}'
prefix='/usr'
program_transform_name='s,x,x,'
psdir='${docdir}'
sbindir='${exec_prefix}/sbin'
sharedstatedir='${prefix}/com'
std_include=''
sysconfdir='/etc'
target_alias=''

## ----------- ##
## confdefs.h. ##
## ----------- ##

/* confdefs.h */
#define PACKAGE_NAME "eCAP Spaceify Injector"
#define PACKAGE_TARNAME "ecap_spaceify_injector"
#define PACKAGE_VERSION "1.0.0"
#define PACKAGE_STRING "eCAP Spaceify Injector 1.0.0"
#define PACKAGE_BUGREPORT ""
#define PACKAGE_URL ""
#define PACKAGE "ecap_spaceify_injector"
#define VERSION "1.0.0"
#define STDC_HEADERS 1
#define HAVE_SYS_TYPES_H 1
#define HAVE_SYS_STAT_H 1
#define HAVE_STDLIB_H 1
#define HAVE_STRING_H 1
#define HAVE_MEMORY_H 1
#define HAVE_STRINGS_H 1
#define HAVE_INTTYPES_H 1
#define HAVE_STDINT_H 1
#define HAVE_UNISTD_H 1
#define HAVE_DLFCN_H 1
#define LT_OBJDIR ".libs/"
#define CONFIG_HOST_TYPE "i686-pc-linux-gnu"
#define INSTALL_PREFIX "/usr"

configure: exit 0
